0 silly input []
1 silly flags { _: [ 'bootstrap' ], args: [] }
2 verbose rootPath /Users/kushanjoshi/code/open/idly-mono
3 info version 2.0.0
4 silly existsSync /Users/kushanjoshi/code/open/idly-mono/VERSION
5 silly initialize attempt
6 silly initialize success
7 silly execute attempt
8 info Bootstrapping 5 packages
9 info lifecycle preinstall
10 silly runScript preinstall idly-common
11 silly idly-common
12 silly runScript preinstall idly-data
13 silly idly-data
14 silly runScript preinstall idly-graph
15 silly idly-graph
16 silly runScript preinstall idly-osm
17 silly idly-osm
18 silly runScript preinstall idly
19 silly idly
20 silly hasDependencyInstalled idly-common @types/jest
21 silly dependencyIsSatisfied [ '@types/jest',
21 silly dependencyIsSatisfied   '^20.0.8',
21 silly dependencyIsSatisfied   '/Users/kushanjoshi/code/open/idly-mono/packages/idly-common/node_modules' ]
22 verbose dependencyIsSatisfied @types/jest false
23 silly hasDependencyInstalled idly-graph @types/jest
24 silly dependencyIsSatisfied [ '@types/jest',
24 silly dependencyIsSatisfied   '^21.1.1',
24 silly dependencyIsSatisfied   '/Users/kushanjoshi/code/open/idly-mono/packages/idly-graph/node_modules' ]
25 verbose dependencyIsSatisfied @types/jest false
26 silly hasDependencyInstalled idly-osm @types/jest
27 silly dependencyIsSatisfied [ '@types/jest',
27 silly dependencyIsSatisfied   '^20.0.7',
27 silly dependencyIsSatisfied   '/Users/kushanjoshi/code/open/idly-mono/packages/idly-osm/node_modules' ]
28 verbose dependencyIsSatisfied @types/jest false
29 silly hasDependencyInstalled idly @types/jest
30 silly dependencyIsSatisfied [ '@types/jest',
30 silly dependencyIsSatisfied   '^20.0.7',
30 silly dependencyIsSatisfied   '/Users/kushanjoshi/code/open/idly-mono/packages/idly/node_modules' ]
31 verbose dependencyIsSatisfied @types/jest false
32 silly hasDependencyInstalled idly-common jest
33 silly dependencyIsSatisfied [ 'jest',
33 silly dependencyIsSatisfied   '^20.0.4',
33 silly dependencyIsSatisfied   '/Users/kushanjoshi/code/open/idly-mono/packages/idly-common/node_modules' ]
34 verbose dependencyIsSatisfied jest false
35 silly hasDependencyInstalled idly-osm jest
36 silly dependencyIsSatisfied [ 'jest',
36 silly dependencyIsSatisfied   '^20.0.4',
36 silly dependencyIsSatisfied   '/Users/kushanjoshi/code/open/idly-mono/packages/idly-osm/node_modules' ]
37 verbose dependencyIsSatisfied jest false
38 silly hasDependencyInstalled idly jest
39 silly dependencyIsSatisfied [ 'jest',
39 silly dependencyIsSatisfied   '^20.0.4',
39 silly dependencyIsSatisfied   '/Users/kushanjoshi/code/open/idly-mono/packages/idly/node_modules' ]
40 verbose dependencyIsSatisfied jest false
41 silly hasDependencyInstalled idly-graph jest
42 silly dependencyIsSatisfied [ 'jest',
42 silly dependencyIsSatisfied   '^21.2.1',
42 silly dependencyIsSatisfied   '/Users/kushanjoshi/code/open/idly-mono/packages/idly-graph/node_modules' ]
43 verbose dependencyIsSatisfied jest false
44 silly hasDependencyInstalled idly-common ts-jest
45 silly dependencyIsSatisfied [ 'ts-jest',
45 silly dependencyIsSatisfied   '^20.0.14',
45 silly dependencyIsSatisfied   '/Users/kushanjoshi/code/open/idly-mono/packages/idly-common/node_modules' ]
46 verbose dependencyIsSatisfied ts-jest false
47 silly hasDependencyInstalled idly-graph ts-jest
48 silly dependencyIsSatisfied [ 'ts-jest',
48 silly dependencyIsSatisfied   '^21.0.1',
48 silly dependencyIsSatisfied   '/Users/kushanjoshi/code/open/idly-mono/packages/idly-graph/node_modules' ]
49 verbose dependencyIsSatisfied ts-jest false
50 silly hasDependencyInstalled idly-osm ts-jest
51 silly dependencyIsSatisfied [ 'ts-jest',
51 silly dependencyIsSatisfied   '^20.0.10',
51 silly dependencyIsSatisfied   '/Users/kushanjoshi/code/open/idly-mono/packages/idly-osm/node_modules' ]
52 verbose dependencyIsSatisfied ts-jest false
53 silly hasDependencyInstalled idly ts-jest
54 silly dependencyIsSatisfied [ 'ts-jest',
54 silly dependencyIsSatisfied   '^20.0.10',
54 silly dependencyIsSatisfied   '/Users/kushanjoshi/code/open/idly-mono/packages/idly/node_modules' ]
55 verbose dependencyIsSatisfied ts-jest false
56 silly hasDependencyInstalled idly-common tslint
57 silly dependencyIsSatisfied [ 'tslint',
57 silly dependencyIsSatisfied   '^5.6.0',
57 silly dependencyIsSatisfied   '/Users/kushanjoshi/code/open/idly-mono/packages/idly-common/node_modules' ]
58 verbose dependencyIsSatisfied tslint false
59 silly hasDependencyInstalled idly tslint
60 silly dependencyIsSatisfied [ 'tslint',
60 silly dependencyIsSatisfied   '^5.6.0',
60 silly dependencyIsSatisfied   '/Users/kushanjoshi/code/open/idly-mono/packages/idly/node_modules' ]
61 verbose dependencyIsSatisfied tslint false
62 silly hasDependencyInstalled idly-graph tslint
63 silly dependencyIsSatisfied [ 'tslint',
63 silly dependencyIsSatisfied   '^5.7.0',
63 silly dependencyIsSatisfied   '/Users/kushanjoshi/code/open/idly-mono/packages/idly-graph/node_modules' ]
64 verbose dependencyIsSatisfied tslint false
65 silly hasDependencyInstalled idly-common typescript
66 silly dependencyIsSatisfied [ 'typescript',
66 silly dependencyIsSatisfied   '^2.5.2',
66 silly dependencyIsSatisfied   '/Users/kushanjoshi/code/open/idly-mono/packages/idly-common/node_modules' ]
67 verbose dependencyIsSatisfied typescript false
68 silly hasDependencyInstalled idly-data typescript
69 silly dependencyIsSatisfied [ 'typescript',
69 silly dependencyIsSatisfied   '^2.4.2',
69 silly dependencyIsSatisfied   '/Users/kushanjoshi/code/open/idly-mono/packages/idly-data/node_modules' ]
70 verbose dependencyIsSatisfied typescript false
71 silly hasDependencyInstalled idly-graph typescript
72 silly dependencyIsSatisfied [ 'typescript',
72 silly dependencyIsSatisfied   '^2.4.2',
72 silly dependencyIsSatisfied   '/Users/kushanjoshi/code/open/idly-mono/packages/idly-graph/node_modules' ]
73 verbose dependencyIsSatisfied typescript false
74 silly hasDependencyInstalled idly-osm typescript
75 silly dependencyIsSatisfied [ 'typescript',
75 silly dependencyIsSatisfied   '^2.4.2',
75 silly dependencyIsSatisfied   '/Users/kushanjoshi/code/open/idly-mono/packages/idly-osm/node_modules' ]
76 verbose dependencyIsSatisfied typescript false
77 silly hasDependencyInstalled idly typescript
78 silly dependencyIsSatisfied [ 'typescript',
78 silly dependencyIsSatisfied   '^2.4.2',
78 silly dependencyIsSatisfied   '/Users/kushanjoshi/code/open/idly-mono/packages/idly/node_modules' ]
79 verbose dependencyIsSatisfied typescript false
80 silly hasDependencyInstalled idly-common @mapbox/sphericalmercator
81 silly dependencyIsSatisfied [ '@mapbox/sphericalmercator',
81 silly dependencyIsSatisfied   '^1.0.5',
81 silly dependencyIsSatisfied   '/Users/kushanjoshi/code/open/idly-mono/packages/idly-common/node_modules' ]
82 verbose dependencyIsSatisfied @mapbox/sphericalmercator false
83 silly hasDependencyInstalled idly @mapbox/sphericalmercator
84 silly dependencyIsSatisfied [ '@mapbox/sphericalmercator',
84 silly dependencyIsSatisfied   '^1.0.5',
84 silly dependencyIsSatisfied   '/Users/kushanjoshi/code/open/idly-mono/packages/idly/node_modules' ]
85 verbose dependencyIsSatisfied @mapbox/sphericalmercator false
86 silly hasDependencyInstalled idly-common @turf/bbox
87 silly dependencyIsSatisfied [ '@turf/bbox',
87 silly dependencyIsSatisfied   '^4.6.0',
87 silly dependencyIsSatisfied   '/Users/kushanjoshi/code/open/idly-mono/packages/idly-common/node_modules' ]
88 verbose dependencyIsSatisfied @turf/bbox false
89 silly hasDependencyInstalled idly-graph @turf/bbox
90 silly dependencyIsSatisfied [ '@turf/bbox',
90 silly dependencyIsSatisfied   '^5.0.0',
90 silly dependencyIsSatisfied   '/Users/kushanjoshi/code/open/idly-mono/packages/idly-graph/node_modules' ]
91 verbose dependencyIsSatisfied @turf/bbox false
92 silly hasDependencyInstalled idly-common @turf/bbox-polygon
93 silly dependencyIsSatisfied [ '@turf/bbox-polygon',
93 silly dependencyIsSatisfied   '^4.6.0',
93 silly dependencyIsSatisfied   '/Users/kushanjoshi/code/open/idly-mono/packages/idly-common/node_modules' ]
94 verbose dependencyIsSatisfied @turf/bbox-polygon false
95 silly hasDependencyInstalled idly-graph @turf/bbox-polygon
96 silly dependencyIsSatisfied [ '@turf/bbox-polygon',
96 silly dependencyIsSatisfied   '^4.7.3',
96 silly dependencyIsSatisfied   '/Users/kushanjoshi/code/open/idly-mono/packages/idly-graph/node_modules' ]
97 verbose dependencyIsSatisfied @turf/bbox-polygon false
98 silly hasDependencyInstalled idly-common @turf/helpers
99 silly dependencyIsSatisfied [ '@turf/helpers',
99 silly dependencyIsSatisfied   '^4.6.0',
99 silly dependencyIsSatisfied   '/Users/kushanjoshi/code/open/idly-mono/packages/idly-common/node_modules' ]
100 verbose dependencyIsSatisfied @turf/helpers false
101 silly hasDependencyInstalled idly @turf/helpers
102 silly dependencyIsSatisfied [ '@turf/helpers',
102 silly dependencyIsSatisfied   '^4.6.0',
102 silly dependencyIsSatisfied   '/Users/kushanjoshi/code/open/idly-mono/packages/idly/node_modules' ]
103 verbose dependencyIsSatisfied @turf/helpers false
104 silly hasDependencyInstalled idly-graph @turf/helpers
105 silly dependencyIsSatisfied [ '@turf/helpers',
105 silly dependencyIsSatisfied   '^5.0.0',
105 silly dependencyIsSatisfied   '/Users/kushanjoshi/code/open/idly-mono/packages/idly-graph/node_modules' ]
106 verbose dependencyIsSatisfied @turf/helpers false
107 silly hasDependencyInstalled idly-common @turf/transform-scale
108 silly dependencyIsSatisfied [ '@turf/transform-scale',
108 silly dependencyIsSatisfied   '^4.6.1',
108 silly dependencyIsSatisfied   '/Users/kushanjoshi/code/open/idly-mono/packages/idly-common/node_modules' ]
109 verbose dependencyIsSatisfied @turf/transform-scale false
110 silly hasDependencyInstalled idly @turf/transform-scale
111 silly dependencyIsSatisfied [ '@turf/transform-scale',
111 silly dependencyIsSatisfied   '^4.6.1',
111 silly dependencyIsSatisfied   '/Users/kushanjoshi/code/open/idly-mono/packages/idly/node_modules' ]
112 verbose dependencyIsSatisfied @turf/transform-scale false
113 silly hasDependencyInstalled idly-graph @turf/transform-scale
114 silly dependencyIsSatisfied [ '@turf/transform-scale',
114 silly dependencyIsSatisfied   '^4.7.3',
114 silly dependencyIsSatisfied   '/Users/kushanjoshi/code/open/idly-mono/packages/idly-graph/node_modules' ]
115 verbose dependencyIsSatisfied @turf/transform-scale false
116 silly hasDependencyInstalled idly-common @types/geojson
117 silly dependencyIsSatisfied [ '@types/geojson',
117 silly dependencyIsSatisfied   '^1.0.3',
117 silly dependencyIsSatisfied   '/Users/kushanjoshi/code/open/idly-mono/packages/idly-common/node_modules' ]
118 verbose dependencyIsSatisfied @types/geojson false
119 silly hasDependencyInstalled idly @types/geojson
120 silly dependencyIsSatisfied [ '@types/geojson',
120 silly dependencyIsSatisfied   '^1.0.2',
120 silly dependencyIsSatisfied   '/Users/kushanjoshi/code/open/idly-mono/packages/idly/node_modules' ]
121 verbose dependencyIsSatisfied @types/geojson false
122 silly hasDependencyInstalled idly-common geojson
123 silly dependencyIsSatisfied [ 'geojson',
123 silly dependencyIsSatisfied   '^0.5.0',
123 silly dependencyIsSatisfied   '/Users/kushanjoshi/code/open/idly-mono/packages/idly-common/node_modules' ]
124 verbose dependencyIsSatisfied geojson false
125 silly hasDependencyInstalled idly-common immutable
126 silly dependencyIsSatisfied [ 'immutable',
126 silly dependencyIsSatisfied   '^3.8.1',
126 silly dependencyIsSatisfied   '/Users/kushanjoshi/code/open/idly-mono/packages/idly-common/node_modules' ]
127 verbose dependencyIsSatisfied immutable false
128 silly hasDependencyInstalled idly-osm immutable
129 silly dependencyIsSatisfied [ 'immutable',
129 silly dependencyIsSatisfied   '^3.8.1',
129 silly dependencyIsSatisfied   '/Users/kushanjoshi/code/open/idly-mono/packages/idly-osm/node_modules' ]
130 verbose dependencyIsSatisfied immutable false
131 silly hasDependencyInstalled idly immutable
132 silly dependencyIsSatisfied [ 'immutable',
132 silly dependencyIsSatisfied   '3.8.1',
132 silly dependencyIsSatisfied   '/Users/kushanjoshi/code/open/idly-mono/packages/idly/node_modules' ]
133 verbose dependencyIsSatisfied immutable false
134 silly hasDependencyInstalled idly-common typed-immutable-record
135 silly dependencyIsSatisfied [ 'typed-immutable-record',
135 silly dependencyIsSatisfied   '0.0.6',
135 silly dependencyIsSatisfied   '/Users/kushanjoshi/code/open/idly-mono/packages/idly-common/node_modules' ]
136 verbose dependencyIsSatisfied typed-immutable-record false
137 silly hasDependencyInstalled idly-data awesome-typescript-loader
138 silly dependencyIsSatisfied [ 'awesome-typescript-loader',
138 silly dependencyIsSatisfied   '^3.2.3',
138 silly dependencyIsSatisfied   '/Users/kushanjoshi/code/open/idly-mono/packages/idly-data/node_modules' ]
139 verbose dependencyIsSatisfied awesome-typescript-loader false
140 silly hasDependencyInstalled idly awesome-typescript-loader
141 silly dependencyIsSatisfied [ 'awesome-typescript-loader',
141 silly dependencyIsSatisfied   '^3.2.2',
141 silly dependencyIsSatisfied   '/Users/kushanjoshi/code/open/idly-mono/packages/idly/node_modules' ]
142 verbose dependencyIsSatisfied awesome-typescript-loader false
143 silly hasDependencyInstalled idly-data webpack
144 silly dependencyIsSatisfied [ 'webpack',
144 silly dependencyIsSatisfied   '^3.5.5',
144 silly dependencyIsSatisfied   '/Users/kushanjoshi/code/open/idly-mono/packages/idly-data/node_modules' ]
145 verbose dependencyIsSatisfied webpack false
146 silly hasDependencyInstalled idly webpack
147 silly dependencyIsSatisfied [ 'webpack',
147 silly dependencyIsSatisfied   '^3.5.5',
147 silly dependencyIsSatisfied   '/Users/kushanjoshi/code/open/idly-mono/packages/idly/node_modules' ]
148 verbose dependencyIsSatisfied webpack false
149 silly hasDependencyInstalled idly-graph idly-osm
150 silly dependencyIsSatisfied [ 'idly-osm',
150 silly dependencyIsSatisfied   'file:../idly-osm',
150 silly dependencyIsSatisfied   '/Users/kushanjoshi/code/open/idly-mono/packages/idly-graph/node_modules' ]
151 verbose dependencyIsSatisfied idly-osm false
152 silly hasDependencyInstalled idly idly-osm
153 silly dependencyIsSatisfied [ 'idly-osm',
153 silly dependencyIsSatisfied   'file:../idly-osm',
153 silly dependencyIsSatisfied   '/Users/kushanjoshi/code/open/idly-mono/packages/idly/node_modules' ]
154 verbose dependencyIsSatisfied idly-osm false
155 silly hasDependencyInstalled idly-graph node-fetch
156 silly dependencyIsSatisfied [ 'node-fetch',
156 silly dependencyIsSatisfied   '^1.7.3',
156 silly dependencyIsSatisfied   '/Users/kushanjoshi/code/open/idly-mono/packages/idly-graph/node_modules' ]
157 verbose dependencyIsSatisfied node-fetch false
158 silly hasDependencyInstalled idly-graph tslint-consistent-codestyle
159 silly dependencyIsSatisfied [ 'tslint-consistent-codestyle',
159 silly dependencyIsSatisfied   '^1.6.0',
159 silly dependencyIsSatisfied   '/Users/kushanjoshi/code/open/idly-mono/packages/idly-graph/node_modules' ]
160 verbose dependencyIsSatisfied tslint-consistent-codestyle false
161 silly hasDependencyInstalled idly-graph tslint-immutable
162 silly dependencyIsSatisfied [ 'tslint-immutable',
162 silly dependencyIsSatisfied   '^4.1.0',
162 silly dependencyIsSatisfied   '/Users/kushanjoshi/code/open/idly-mono/packages/idly-graph/node_modules' ]
163 verbose dependencyIsSatisfied tslint-immutable false
164 silly hasDependencyInstalled idly tslint-immutable
165 silly dependencyIsSatisfied [ 'tslint-immutable',
165 silly dependencyIsSatisfied   '^4.0.2',
165 silly dependencyIsSatisfied   '/Users/kushanjoshi/code/open/idly-mono/packages/idly/node_modules' ]
166 verbose dependencyIsSatisfied tslint-immutable false
167 silly hasDependencyInstalled idly-graph @turf/area
168 silly dependencyIsSatisfied [ '@turf/area',
168 silly dependencyIsSatisfied   '^4.7.3',
168 silly dependencyIsSatisfied   '/Users/kushanjoshi/code/open/idly-mono/packages/idly-graph/node_modules' ]
169 verbose dependencyIsSatisfied @turf/area false
170 silly hasDependencyInstalled idly-graph @turf/intersect
171 silly dependencyIsSatisfied [ '@turf/intersect',
171 silly dependencyIsSatisfied   '^4.7.4',
171 silly dependencyIsSatisfied   '/Users/kushanjoshi/code/open/idly-mono/packages/idly-graph/node_modules' ]
172 verbose dependencyIsSatisfied @turf/intersect false
173 silly hasDependencyInstalled idly-graph @types/rbush
174 silly dependencyIsSatisfied [ '@types/rbush',
174 silly dependencyIsSatisfied   '^2.0.2',
174 silly dependencyIsSatisfied   '/Users/kushanjoshi/code/open/idly-mono/packages/idly-graph/node_modules' ]
175 verbose dependencyIsSatisfied @types/rbush false
176 silly hasDependencyInstalled idly-graph @types/xmldom
177 silly dependencyIsSatisfied [ '@types/xmldom',
177 silly dependencyIsSatisfied   '^0.1.29',
177 silly dependencyIsSatisfied   '/Users/kushanjoshi/code/open/idly-mono/packages/idly-graph/node_modules' ]
178 verbose dependencyIsSatisfied @types/xmldom false
179 silly hasDependencyInstalled idly-graph idly-common
180 silly dependencyIsSatisfied [ 'idly-common',
180 silly dependencyIsSatisfied   'file:../idly-common',
180 silly dependencyIsSatisfied   '/Users/kushanjoshi/code/open/idly-mono/packages/idly-graph/node_modules' ]
181 verbose dependencyIsSatisfied idly-common false
182 silly hasDependencyInstalled idly-osm idly-common
183 silly dependencyIsSatisfied [ 'idly-common',
183 silly dependencyIsSatisfied   'file:../idly-common',
183 silly dependencyIsSatisfied   '/Users/kushanjoshi/code/open/idly-mono/packages/idly-osm/node_modules' ]
184 verbose dependencyIsSatisfied idly-common false
185 silly hasDependencyInstalled idly idly-common
186 silly dependencyIsSatisfied [ 'idly-common',
186 silly dependencyIsSatisfied   'file:../idly-common',
186 silly dependencyIsSatisfied   '/Users/kushanjoshi/code/open/idly-mono/packages/idly/node_modules' ]
187 verbose dependencyIsSatisfied idly-common false
188 silly hasDependencyInstalled idly-graph promise-worker
189 silly dependencyIsSatisfied [ 'promise-worker',
189 silly dependencyIsSatisfied   '^1.1.1',
189 silly dependencyIsSatisfied   '/Users/kushanjoshi/code/open/idly-mono/packages/idly-graph/node_modules' ]
190 verbose dependencyIsSatisfied promise-worker false
191 silly hasDependencyInstalled idly promise-worker
192 silly dependencyIsSatisfied [ 'promise-worker',
192 silly dependencyIsSatisfied   '^1.1.1',
192 silly dependencyIsSatisfied   '/Users/kushanjoshi/code/open/idly-mono/packages/idly/node_modules' ]
193 verbose dependencyIsSatisfied promise-worker false
194 silly hasDependencyInstalled idly-graph rbush
195 silly dependencyIsSatisfied [ 'rbush',
195 silly dependencyIsSatisfied   '^2.0.1',
195 silly dependencyIsSatisfied   '/Users/kushanjoshi/code/open/idly-mono/packages/idly-graph/node_modules' ]
196 verbose dependencyIsSatisfied rbush false
197 silly hasDependencyInstalled idly-graph turf-linestring
198 silly dependencyIsSatisfied [ 'turf-linestring',
198 silly dependencyIsSatisfied   '^1.0.2',
198 silly dependencyIsSatisfied   '/Users/kushanjoshi/code/open/idly-mono/packages/idly-graph/node_modules' ]
199 verbose dependencyIsSatisfied turf-linestring false
200 silly hasDependencyInstalled idly-graph turf-polygon
201 silly dependencyIsSatisfied [ 'turf-polygon',
201 silly dependencyIsSatisfied   '^1.0.3',
201 silly dependencyIsSatisfied   '/Users/kushanjoshi/code/open/idly-mono/packages/idly-graph/node_modules' ]
202 verbose dependencyIsSatisfied turf-polygon false
203 silly hasDependencyInstalled idly-graph xmldom
204 silly dependencyIsSatisfied [ 'xmldom',
204 silly dependencyIsSatisfied   '^0.1.27',
204 silly dependencyIsSatisfied   '/Users/kushanjoshi/code/open/idly-mono/packages/idly-graph/node_modules' ]
205 verbose dependencyIsSatisfied xmldom false
206 silly hasDependencyInstalled idly xmldom
207 silly dependencyIsSatisfied [ 'xmldom',
207 silly dependencyIsSatisfied   '^0.1.27',
207 silly dependencyIsSatisfied   '/Users/kushanjoshi/code/open/idly-mono/packages/idly/node_modules' ]
208 verbose dependencyIsSatisfied xmldom false
209 silly hasDependencyInstalled idly-osm @types/react
210 silly dependencyIsSatisfied [ '@types/react',
210 silly dependencyIsSatisfied   '^16.0.5',
210 silly dependencyIsSatisfied   '/Users/kushanjoshi/code/open/idly-mono/packages/idly-osm/node_modules' ]
211 verbose dependencyIsSatisfied @types/react false
212 silly hasDependencyInstalled idly-osm antd
213 silly dependencyIsSatisfied [ 'antd',
213 silly dependencyIsSatisfied   '^2.12.8',
213 silly dependencyIsSatisfied   '/Users/kushanjoshi/code/open/idly-mono/packages/idly-osm/node_modules' ]
214 verbose dependencyIsSatisfied antd false
215 silly hasDependencyInstalled idly antd
216 silly dependencyIsSatisfied [ 'antd',
216 silly dependencyIsSatisfied   '^2.12.8',
216 silly dependencyIsSatisfied   '/Users/kushanjoshi/code/open/idly-mono/packages/idly/node_modules' ]
217 verbose dependencyIsSatisfied antd false
218 silly hasDependencyInstalled idly-osm react
219 silly dependencyIsSatisfied [ 'react',
219 silly dependencyIsSatisfied   '^15.6.1',
219 silly dependencyIsSatisfied   '/Users/kushanjoshi/code/open/idly-mono/packages/idly-osm/node_modules' ]
220 verbose dependencyIsSatisfied react false
221 silly hasDependencyInstalled idly react
222 silly dependencyIsSatisfied [ 'react',
222 silly dependencyIsSatisfied   '^15.6.1',
222 silly dependencyIsSatisfied   '/Users/kushanjoshi/code/open/idly-mono/packages/idly/node_modules' ]
223 verbose dependencyIsSatisfied react false
224 silly hasDependencyInstalled idly-osm react-dom
225 silly dependencyIsSatisfied [ 'react-dom',
225 silly dependencyIsSatisfied   '^15.6.1',
225 silly dependencyIsSatisfied   '/Users/kushanjoshi/code/open/idly-mono/packages/idly-osm/node_modules' ]
226 verbose dependencyIsSatisfied react-dom false
227 silly hasDependencyInstalled idly react-dom
228 silly dependencyIsSatisfied [ 'react-dom',
228 silly dependencyIsSatisfied   '^15.6.1',
228 silly dependencyIsSatisfied   '/Users/kushanjoshi/code/open/idly-mono/packages/idly/node_modules' ]
229 verbose dependencyIsSatisfied react-dom false
230 silly hasDependencyInstalled idly-osm @types/lodash
231 silly dependencyIsSatisfied [ '@types/lodash',
231 silly dependencyIsSatisfied   '^4.14.74',
231 silly dependencyIsSatisfied   '/Users/kushanjoshi/code/open/idly-mono/packages/idly-osm/node_modules' ]
232 verbose dependencyIsSatisfied @types/lodash false
233 silly hasDependencyInstalled idly-osm diacritics
234 silly dependencyIsSatisfied [ 'diacritics',
234 silly dependencyIsSatisfied   '^1.3.0',
234 silly dependencyIsSatisfied   '/Users/kushanjoshi/code/open/idly-mono/packages/idly-osm/node_modules' ]
235 verbose dependencyIsSatisfied diacritics false
236 silly hasDependencyInstalled idly diacritics
237 silly dependencyIsSatisfied [ 'diacritics',
237 silly dependencyIsSatisfied   '^1.3.0',
237 silly dependencyIsSatisfied   '/Users/kushanjoshi/code/open/idly-mono/packages/idly/node_modules' ]
238 verbose dependencyIsSatisfied diacritics false
239 silly hasDependencyInstalled idly-osm idly-data
240 silly dependencyIsSatisfied [ 'idly-data',
240 silly dependencyIsSatisfied   'file:../idly-data/',
240 silly dependencyIsSatisfied   '/Users/kushanjoshi/code/open/idly-mono/packages/idly-osm/node_modules' ]
241 verbose dependencyIsSatisfied idly-data false
242 silly hasDependencyInstalled idly-osm idly-graph
243 silly dependencyIsSatisfied [ 'idly-graph',
243 silly dependencyIsSatisfied   'file:../idly-graph',
243 silly dependencyIsSatisfied   '/Users/kushanjoshi/code/open/idly-mono/packages/idly-osm/node_modules' ]
244 verbose dependencyIsSatisfied idly-graph false
245 silly hasDependencyInstalled idly idly-graph
246 silly dependencyIsSatisfied [ 'idly-graph',
246 silly dependencyIsSatisfied   'file:../idly-graph',
246 silly dependencyIsSatisfied   '/Users/kushanjoshi/code/open/idly-mono/packages/idly/node_modules' ]
247 verbose dependencyIsSatisfied idly-graph false
248 silly hasDependencyInstalled idly-osm lodash
249 silly dependencyIsSatisfied [ 'lodash',
249 silly dependencyIsSatisfied   '^4.17.4',
249 silly dependencyIsSatisfied   '/Users/kushanjoshi/code/open/idly-mono/packages/idly-osm/node_modules' ]
250 verbose dependencyIsSatisfied lodash false
251 silly hasDependencyInstalled idly lodash
252 silly dependencyIsSatisfied [ 'lodash',
252 silly dependencyIsSatisfied   '^4.17.4',
252 silly dependencyIsSatisfied   '/Users/kushanjoshi/code/open/idly-mono/packages/idly/node_modules' ]
253 verbose dependencyIsSatisfied lodash false
254 silly hasDependencyInstalled idly-osm ramda
255 silly dependencyIsSatisfied [ 'ramda',
255 silly dependencyIsSatisfied   '^0.24.1',
255 silly dependencyIsSatisfied   '/Users/kushanjoshi/code/open/idly-mono/packages/idly-osm/node_modules' ]
256 verbose dependencyIsSatisfied ramda false
257 silly hasDependencyInstalled idly ramda
258 silly dependencyIsSatisfied [ 'ramda',
258 silly dependencyIsSatisfied   '^0.24.1',
258 silly dependencyIsSatisfied   '/Users/kushanjoshi/code/open/idly-mono/packages/idly/node_modules' ]
259 verbose dependencyIsSatisfied ramda false
260 silly hasDependencyInstalled idly @types/react-redux
261 silly dependencyIsSatisfied [ '@types/react-redux',
261 silly dependencyIsSatisfied   '^5.0.1',
261 silly dependencyIsSatisfied   '/Users/kushanjoshi/code/open/idly-mono/packages/idly/node_modules' ]
262 verbose dependencyIsSatisfied @types/react-redux false
263 silly hasDependencyInstalled idly @types/turf
264 silly dependencyIsSatisfied [ '@types/turf',
264 silly dependencyIsSatisfied   '^3.5.32',
264 silly dependencyIsSatisfied   '/Users/kushanjoshi/code/open/idly-mono/packages/idly/node_modules' ]
265 verbose dependencyIsSatisfied @types/turf false
266 silly hasDependencyInstalled idly babel-core
267 silly dependencyIsSatisfied [ 'babel-core',
267 silly dependencyIsSatisfied   '^6.26.0',
267 silly dependencyIsSatisfied   '/Users/kushanjoshi/code/open/idly-mono/packages/idly/node_modules' ]
268 verbose dependencyIsSatisfied babel-core false
269 silly hasDependencyInstalled idly babel-loader
270 silly dependencyIsSatisfied [ 'babel-loader',
270 silly dependencyIsSatisfied   '^7.1.2',
270 silly dependencyIsSatisfied   '/Users/kushanjoshi/code/open/idly-mono/packages/idly/node_modules' ]
271 verbose dependencyIsSatisfied babel-loader false
272 silly hasDependencyInstalled idly babel-preset-env
273 silly dependencyIsSatisfied [ 'babel-preset-env',
273 silly dependencyIsSatisfied   '^1.6.0',
273 silly dependencyIsSatisfied   '/Users/kushanjoshi/code/open/idly-mono/packages/idly/node_modules' ]
274 verbose dependencyIsSatisfied babel-preset-env false
275 silly hasDependencyInstalled idly css-loader
276 silly dependencyIsSatisfied [ 'css-loader',
276 silly dependencyIsSatisfied   '^0.28.4',
276 silly dependencyIsSatisfied   '/Users/kushanjoshi/code/open/idly-mono/packages/idly/node_modules' ]
277 verbose dependencyIsSatisfied css-loader false
278 silly hasDependencyInstalled idly dependency-cruiser
279 silly dependencyIsSatisfied [ 'dependency-cruiser',
279 silly dependencyIsSatisfied   '^2.3.1',
279 silly dependencyIsSatisfied   '/Users/kushanjoshi/code/open/idly-mono/packages/idly/node_modules' ]
280 verbose dependencyIsSatisfied dependency-cruiser false
281 silly hasDependencyInstalled idly duplicate-package-checker-webpack-plugin
282 silly dependencyIsSatisfied [ 'duplicate-package-checker-webpack-plugin',
282 silly dependencyIsSatisfied   '^1.2.5',
282 silly dependencyIsSatisfied   '/Users/kushanjoshi/code/open/idly-mono/packages/idly/node_modules' ]
283 verbose dependencyIsSatisfied duplicate-package-checker-webpack-plugin false
284 silly hasDependencyInstalled idly enzyme
285 silly dependencyIsSatisfied [ 'enzyme',
285 silly dependencyIsSatisfied   '^2.9.1',
285 silly dependencyIsSatisfied   '/Users/kushanjoshi/code/open/idly-mono/packages/idly/node_modules' ]
286 verbose dependencyIsSatisfied enzyme false
287 silly hasDependencyInstalled idly html-webpack-plugin
288 silly dependencyIsSatisfied [ 'html-webpack-plugin',
288 silly dependencyIsSatisfied   '^2.30.1',
288 silly dependencyIsSatisfied   '/Users/kushanjoshi/code/open/idly-mono/packages/idly/node_modules' ]
289 verbose dependencyIsSatisfied html-webpack-plugin false
290 silly hasDependencyInstalled idly jsdom
291 silly dependencyIsSatisfied [ 'jsdom',
291 silly dependencyIsSatisfied   '^11.1.0',
291 silly dependencyIsSatisfied   '/Users/kushanjoshi/code/open/idly-mono/packages/idly/node_modules' ]
292 verbose dependencyIsSatisfied jsdom false
293 silly hasDependencyInstalled idly mapbox-gl-inspect
294 silly dependencyIsSatisfied [ 'mapbox-gl-inspect',
294 silly dependencyIsSatisfied   '^1.2.3',
294 silly dependencyIsSatisfied   '/Users/kushanjoshi/code/open/idly-mono/packages/idly/node_modules' ]
295 verbose dependencyIsSatisfied mapbox-gl-inspect false
296 silly hasDependencyInstalled idly react-test-renderer
297 silly dependencyIsSatisfied [ 'react-test-renderer',
297 silly dependencyIsSatisfied   '^15.6.1',
297 silly dependencyIsSatisfied   '/Users/kushanjoshi/code/open/idly-mono/packages/idly/node_modules' ]
298 verbose dependencyIsSatisfied react-test-renderer false
299 silly hasDependencyInstalled idly redux-devtools-extension
300 silly dependencyIsSatisfied [ 'redux-devtools-extension',
300 silly dependencyIsSatisfied   '^2.13.2',
300 silly dependencyIsSatisfied   '/Users/kushanjoshi/code/open/idly-mono/packages/idly/node_modules' ]
301 verbose dependencyIsSatisfied redux-devtools-extension false
302 silly hasDependencyInstalled idly source-map-loader
303 silly dependencyIsSatisfied [ 'source-map-loader',
303 silly dependencyIsSatisfied   '^0.2.1',
303 silly dependencyIsSatisfied   '/Users/kushanjoshi/code/open/idly-mono/packages/idly/node_modules' ]
304 verbose dependencyIsSatisfied source-map-loader false
305 silly hasDependencyInstalled idly style-loader
306 silly dependencyIsSatisfied [ 'style-loader',
306 silly dependencyIsSatisfied   '^0.18.2',
306 silly dependencyIsSatisfied   '/Users/kushanjoshi/code/open/idly-mono/packages/idly/node_modules' ]
307 verbose dependencyIsSatisfied style-loader false
308 silly hasDependencyInstalled idly typedoc
309 silly dependencyIsSatisfied [ 'typedoc',
309 silly dependencyIsSatisfied   '^0.8.0',
309 silly dependencyIsSatisfied   '/Users/kushanjoshi/code/open/idly-mono/packages/idly/node_modules' ]
310 verbose dependencyIsSatisfied typedoc false
311 silly hasDependencyInstalled idly webpack-dev-server
312 silly dependencyIsSatisfied [ 'webpack-dev-server',
312 silly dependencyIsSatisfied   '^2.7.1',
312 silly dependencyIsSatisfied   '/Users/kushanjoshi/code/open/idly-mono/packages/idly/node_modules' ]
313 verbose dependencyIsSatisfied webpack-dev-server false
314 silly hasDependencyInstalled idly why-did-you-update
315 silly dependencyIsSatisfied [ 'why-did-you-update',
315 silly dependencyIsSatisfied   '0.0.8',
315 silly dependencyIsSatisfied   '/Users/kushanjoshi/code/open/idly-mono/packages/idly/node_modules' ]
316 verbose dependencyIsSatisfied why-did-you-update false
317 silly hasDependencyInstalled idly worker-loader
318 silly dependencyIsSatisfied [ 'worker-loader',
318 silly dependencyIsSatisfied   '^0.8.1',
318 silly dependencyIsSatisfied   '/Users/kushanjoshi/code/open/idly-mono/packages/idly/node_modules' ]
319 verbose dependencyIsSatisfied worker-loader false
320 silly hasDependencyInstalled idly @mapbox/mapbox-gl-draw
321 silly dependencyIsSatisfied [ '@mapbox/mapbox-gl-draw',
321 silly dependencyIsSatisfied   '^1.0.0',
321 silly dependencyIsSatisfied   '/Users/kushanjoshi/code/open/idly-mono/packages/idly/node_modules' ]
322 verbose dependencyIsSatisfied @mapbox/mapbox-gl-draw false
323 silly hasDependencyInstalled idly @types/d3
324 silly dependencyIsSatisfied [ '@types/d3',
324 silly dependencyIsSatisfied   '^4.10.0',
324 silly dependencyIsSatisfied   '/Users/kushanjoshi/code/open/idly-mono/packages/idly/node_modules' ]
325 verbose dependencyIsSatisfied @types/d3 false
326 silly hasDependencyInstalled idly @types/mapbox-gl
327 silly dependencyIsSatisfied [ '@types/mapbox-gl',
327 silly dependencyIsSatisfied   '^0.39.4',
327 silly dependencyIsSatisfied   '/Users/kushanjoshi/code/open/idly-mono/packages/idly/node_modules' ]
328 verbose dependencyIsSatisfied @types/mapbox-gl false
329 silly hasDependencyInstalled idly @types/node
330 silly dependencyIsSatisfied [ '@types/node',
330 silly dependencyIsSatisfied   '^8.0.20',
330 silly dependencyIsSatisfied   '/Users/kushanjoshi/code/open/idly-mono/packages/idly/node_modules' ]
331 verbose dependencyIsSatisfied @types/node false
332 silly hasDependencyInstalled idly @types/ramda
333 silly dependencyIsSatisfied [ '@types/ramda',
333 silly dependencyIsSatisfied   '^0.24.7',
333 silly dependencyIsSatisfied   '/Users/kushanjoshi/code/open/idly-mono/packages/idly/node_modules' ]
334 verbose dependencyIsSatisfied @types/ramda false
335 silly hasDependencyInstalled idly circular-dependency-plugin
336 silly dependencyIsSatisfied [ 'circular-dependency-plugin',
336 silly dependencyIsSatisfied   '^3.0.0',
336 silly dependencyIsSatisfied   '/Users/kushanjoshi/code/open/idly-mono/packages/idly/node_modules' ]
337 verbose dependencyIsSatisfied circular-dependency-plugin false
338 silly hasDependencyInstalled idly d3
339 silly dependencyIsSatisfied [ 'd3',
339 silly dependencyIsSatisfied   '^4.10.0',
339 silly dependencyIsSatisfied   '/Users/kushanjoshi/code/open/idly-mono/packages/idly/node_modules' ]
340 verbose dependencyIsSatisfied d3 false
341 silly hasDependencyInstalled idly lodash.debounce
342 silly dependencyIsSatisfied [ 'lodash.debounce',
342 silly dependencyIsSatisfied   '^4.0.8',
342 silly dependencyIsSatisfied   '/Users/kushanjoshi/code/open/idly-mono/packages/idly/node_modules' ]
343 verbose dependencyIsSatisfied lodash.debounce false
344 silly hasDependencyInstalled idly mapbox-gl
345 silly dependencyIsSatisfied [ 'mapbox-gl',
345 silly dependencyIsSatisfied   '^0.39.1',
345 silly dependencyIsSatisfied   '/Users/kushanjoshi/code/open/idly-mono/packages/idly/node_modules' ]
346 verbose dependencyIsSatisfied mapbox-gl false
347 silly hasDependencyInstalled idly name-suggestion-index
348 silly dependencyIsSatisfied [ 'name-suggestion-index',
348 silly dependencyIsSatisfied   '^0.1.1',
348 silly dependencyIsSatisfied   '/Users/kushanjoshi/code/open/idly-mono/packages/idly/node_modules' ]
349 verbose dependencyIsSatisfied name-suggestion-index false
350 silly hasDependencyInstalled idly npm
351 silly dependencyIsSatisfied [ 'npm',
351 silly dependencyIsSatisfied   '^5.3.0',
351 silly dependencyIsSatisfied   '/Users/kushanjoshi/code/open/idly-mono/packages/idly/node_modules' ]
352 verbose dependencyIsSatisfied npm false
353 silly hasDependencyInstalled idly osmtogeojson
354 silly dependencyIsSatisfied [ 'osmtogeojson',
354 silly dependencyIsSatisfied   '^3.0.0-beta.2',
354 silly dependencyIsSatisfied   '/Users/kushanjoshi/code/open/idly-mono/packages/idly/node_modules' ]
355 verbose dependencyIsSatisfied osmtogeojson false
356 silly hasDependencyInstalled idly react-redux
357 silly dependencyIsSatisfied [ 'react-redux',
357 silly dependencyIsSatisfied   '^5.0.6',
357 silly dependencyIsSatisfied   '/Users/kushanjoshi/code/open/idly-mono/packages/idly/node_modules' ]
358 verbose dependencyIsSatisfied react-redux false
359 silly hasDependencyInstalled idly react-sizeme
360 silly dependencyIsSatisfied [ 'react-sizeme',
360 silly dependencyIsSatisfied   '^2.3.4',
360 silly dependencyIsSatisfied   '/Users/kushanjoshi/code/open/idly-mono/packages/idly/node_modules' ]
361 verbose dependencyIsSatisfied react-sizeme false
362 silly hasDependencyInstalled idly redux
363 silly dependencyIsSatisfied [ 'redux',
363 silly dependencyIsSatisfied   '^3.7.2',
363 silly dependencyIsSatisfied   '/Users/kushanjoshi/code/open/idly-mono/packages/idly/node_modules' ]
364 verbose dependencyIsSatisfied redux false
365 silly hasDependencyInstalled idly redux-immutable
366 silly dependencyIsSatisfied [ 'redux-immutable',
366 silly dependencyIsSatisfied   '^4.0.0',
366 silly dependencyIsSatisfied   '/Users/kushanjoshi/code/open/idly-mono/packages/idly/node_modules' ]
367 verbose dependencyIsSatisfied redux-immutable false
368 silly hasDependencyInstalled idly redux-saga
369 silly dependencyIsSatisfied [ 'redux-saga',
369 silly dependencyIsSatisfied   '^0.15.6',
369 silly dependencyIsSatisfied   '/Users/kushanjoshi/code/open/idly-mono/packages/idly/node_modules' ]
370 verbose dependencyIsSatisfied redux-saga false
371 silly hasDependencyInstalled idly tslint-microsoft-contrib
372 silly dependencyIsSatisfied [ 'tslint-microsoft-contrib',
372 silly dependencyIsSatisfied   '^5.0.1',
372 silly dependencyIsSatisfied   '/Users/kushanjoshi/code/open/idly-mono/packages/idly/node_modules' ]
373 verbose dependencyIsSatisfied tslint-microsoft-contrib false
374 silly hasDependencyInstalled idly turf
375 silly dependencyIsSatisfied [ 'turf',
375 silly dependencyIsSatisfied   '^3.0.14',
375 silly dependencyIsSatisfied   '/Users/kushanjoshi/code/open/idly-mono/packages/idly/node_modules' ]
376 verbose dependencyIsSatisfied turf false
377 silly hasDependencyInstalled idly webpack-bundle-analyzer
378 silly dependencyIsSatisfied [ 'webpack-bundle-analyzer',
378 silly dependencyIsSatisfied   '^2.9.0',
378 silly dependencyIsSatisfied   '/Users/kushanjoshi/code/open/idly-mono/packages/idly/node_modules' ]
379 verbose dependencyIsSatisfied webpack-bundle-analyzer false
380 silly hasDependencyInstalled idly wmf-sitematrix
381 silly dependencyIsSatisfied [ 'wmf-sitematrix',
381 silly dependencyIsSatisfied   '^0.1.4',
381 silly dependencyIsSatisfied   '/Users/kushanjoshi/code/open/idly-mono/packages/idly/node_modules' ]
382 verbose dependencyIsSatisfied wmf-sitematrix false
383 silly root dependencies []
384 silly leaf dependencies {
384 silly leaf dependencies   "idly-common": [
384 silly leaf dependencies     {
384 silly leaf dependencies       "dependency": "@types/jest@^20.0.8",
384 silly leaf dependencies       "isSatisfied": false
384 silly leaf dependencies     },
384 silly leaf dependencies     {
384 silly leaf dependencies       "dependency": "jest@^20.0.4",
384 silly leaf dependencies       "isSatisfied": false
384 silly leaf dependencies     },
384 silly leaf dependencies     {
384 silly leaf dependencies       "dependency": "ts-jest@^20.0.14",
384 silly leaf dependencies       "isSatisfied": false
384 silly leaf dependencies     },
384 silly leaf dependencies     {
384 silly leaf dependencies       "dependency": "tslint@^5.6.0",
384 silly leaf dependencies       "isSatisfied": false
384 silly leaf dependencies     },
384 silly leaf dependencies     {
384 silly leaf dependencies       "dependency": "typescript@^2.5.2",
384 silly leaf dependencies       "isSatisfied": false
384 silly leaf dependencies     },
384 silly leaf dependencies     {
384 silly leaf dependencies       "dependency": "@mapbox/sphericalmercator@^1.0.5",
384 silly leaf dependencies       "isSatisfied": false
384 silly leaf dependencies     },
384 silly leaf dependencies     {
384 silly leaf dependencies       "dependency": "@turf/bbox@^4.6.0",
384 silly leaf dependencies       "isSatisfied": false
384 silly leaf dependencies     },
384 silly leaf dependencies     {
384 silly leaf dependencies       "dependency": "@turf/bbox-polygon@^4.6.0",
384 silly leaf dependencies       "isSatisfied": false
384 silly leaf dependencies     },
384 silly leaf dependencies     {
384 silly leaf dependencies       "dependency": "@turf/helpers@^4.6.0",
384 silly leaf dependencies       "isSatisfied": false
384 silly leaf dependencies     },
384 silly leaf dependencies     {
384 silly leaf dependencies       "dependency": "@turf/transform-scale@^4.6.1",
384 silly leaf dependencies       "isSatisfied": false
384 silly leaf dependencies     },
384 silly leaf dependencies     {
384 silly leaf dependencies       "dependency": "@types/geojson@^1.0.3",
384 silly leaf dependencies       "isSatisfied": false
384 silly leaf dependencies     },
384 silly leaf dependencies     {
384 silly leaf dependencies       "dependency": "geojson@^0.5.0",
384 silly leaf dependencies       "isSatisfied": false
384 silly leaf dependencies     },
384 silly leaf dependencies     {
384 silly leaf dependencies       "dependency": "immutable@^3.8.1",
384 silly leaf dependencies       "isSatisfied": false
384 silly leaf dependencies     },
384 silly leaf dependencies     {
384 silly leaf dependencies       "dependency": "typed-immutable-record@0.0.6",
384 silly leaf dependencies       "isSatisfied": false
384 silly leaf dependencies     }
384 silly leaf dependencies   ],
384 silly leaf dependencies   "idly-graph": [
384 silly leaf dependencies     {
384 silly leaf dependencies       "dependency": "@types/jest@^21.1.1",
384 silly leaf dependencies       "isSatisfied": false
384 silly leaf dependencies     },
384 silly leaf dependencies     {
384 silly leaf dependencies       "dependency": "jest@^21.2.1",
384 silly leaf dependencies       "isSatisfied": false
384 silly leaf dependencies     },
384 silly leaf dependencies     {
384 silly leaf dependencies       "dependency": "ts-jest@^21.0.1",
384 silly leaf dependencies       "isSatisfied": false
384 silly leaf dependencies     },
384 silly leaf dependencies     {
384 silly leaf dependencies       "dependency": "tslint@^5.7.0",
384 silly leaf dependencies       "isSatisfied": false
384 silly leaf dependencies     },
384 silly leaf dependencies     {
384 silly leaf dependencies       "dependency": "typescript@^2.4.2",
384 silly leaf dependencies       "isSatisfied": false
384 silly leaf dependencies     },
384 silly leaf dependencies     {
384 silly leaf dependencies       "dependency": "@turf/bbox@^5.0.0",
384 silly leaf dependencies       "isSatisfied": false
384 silly leaf dependencies     },
384 silly leaf dependencies     {
384 silly leaf dependencies       "dependency": "@turf/bbox-polygon@^4.7.3",
384 silly leaf dependencies       "isSatisfied": false
384 silly leaf dependencies     },
384 silly leaf dependencies     {
384 silly leaf dependencies       "dependency": "@turf/helpers@^5.0.0",
384 silly leaf dependencies       "isSatisfied": false
384 silly leaf dependencies     },
384 silly leaf dependencies     {
384 silly leaf dependencies       "dependency": "@turf/transform-scale@^4.7.3",
384 silly leaf dependencies       "isSatisfied": false
384 silly leaf dependencies     },
384 silly leaf dependencies     {
384 silly leaf dependencies       "dependency": "idly-osm@file:../idly-osm",
384 silly leaf dependencies       "isSatisfied": false
384 silly leaf dependencies     },
384 silly leaf dependencies     {
384 silly leaf dependencies       "dependency": "node-fetch@^1.7.3",
384 silly leaf dependencies       "isSatisfied": false
384 silly leaf dependencies     },
384 silly leaf dependencies     {
384 silly leaf dependencies       "dependency": "tslint-consistent-codestyle@^1.6.0",
384 silly leaf dependencies       "isSatisfied": false
384 silly leaf dependencies     },
384 silly leaf dependencies     {
384 silly leaf dependencies       "dependency": "tslint-immutable@^4.1.0",
384 silly leaf dependencies       "isSatisfied": false
384 silly leaf dependencies     },
384 silly leaf dependencies     {
384 silly leaf dependencies       "dependency": "@turf/area@^4.7.3",
384 silly leaf dependencies       "isSatisfied": false
384 silly leaf dependencies     },
384 silly leaf dependencies     {
384 silly leaf dependencies       "dependency": "@turf/intersect@^4.7.4",
384 silly leaf dependencies       "isSatisfied": false
384 silly leaf dependencies     },
384 silly leaf dependencies     {
384 silly leaf dependencies       "dependency": "@types/rbush@^2.0.2",
384 silly leaf dependencies       "isSatisfied": false
384 silly leaf dependencies     },
384 silly leaf dependencies     {
384 silly leaf dependencies       "dependency": "@types/xmldom@^0.1.29",
384 silly leaf dependencies       "isSatisfied": false
384 silly leaf dependencies     },
384 silly leaf dependencies     {
384 silly leaf dependencies       "dependency": "idly-common@file:../idly-common",
384 silly leaf dependencies       "isSatisfied": false
384 silly leaf dependencies     },
384 silly leaf dependencies     {
384 silly leaf dependencies       "dependency": "promise-worker@^1.1.1",
384 silly leaf dependencies       "isSatisfied": false
384 silly leaf dependencies     },
384 silly leaf dependencies     {
384 silly leaf dependencies       "dependency": "rbush@^2.0.1",
384 silly leaf dependencies       "isSatisfied": false
384 silly leaf dependencies     },
384 silly leaf dependencies     {
384 silly leaf dependencies       "dependency": "turf-linestring@^1.0.2",
384 silly leaf dependencies       "isSatisfied": false
384 silly leaf dependencies     },
384 silly leaf dependencies     {
384 silly leaf dependencies       "dependency": "turf-polygon@^1.0.3",
384 silly leaf dependencies       "isSatisfied": false
384 silly leaf dependencies     },
384 silly leaf dependencies     {
384 silly leaf dependencies       "dependency": "xmldom@^0.1.27",
384 silly leaf dependencies       "isSatisfied": false
384 silly leaf dependencies     }
384 silly leaf dependencies   ],
384 silly leaf dependencies   "idly-osm": [
384 silly leaf dependencies     {
384 silly leaf dependencies       "dependency": "@types/jest@^20.0.7",
384 silly leaf dependencies       "isSatisfied": false
384 silly leaf dependencies     },
384 silly leaf dependencies     {
384 silly leaf dependencies       "dependency": "jest@^20.0.4",
384 silly leaf dependencies       "isSatisfied": false
384 silly leaf dependencies     },
384 silly leaf dependencies     {
384 silly leaf dependencies       "dependency": "ts-jest@^20.0.10",
384 silly leaf dependencies       "isSatisfied": false
384 silly leaf dependencies     },
384 silly leaf dependencies     {
384 silly leaf dependencies       "dependency": "typescript@^2.4.2",
384 silly leaf dependencies       "isSatisfied": false
384 silly leaf dependencies     },
384 silly leaf dependencies     {
384 silly leaf dependencies       "dependency": "immutable@^3.8.1",
384 silly leaf dependencies       "isSatisfied": false
384 silly leaf dependencies     },
384 silly leaf dependencies     {
384 silly leaf dependencies       "dependency": "idly-common@file:../idly-common",
384 silly leaf dependencies       "isSatisfied": false
384 silly leaf dependencies     },
384 silly leaf dependencies     {
384 silly leaf dependencies       "dependency": "@types/react@^16.0.5",
384 silly leaf dependencies       "isSatisfied": false
384 silly leaf dependencies     },
384 silly leaf dependencies     {
384 silly leaf dependencies       "dependency": "antd@^2.12.8",
384 silly leaf dependencies       "isSatisfied": false
384 silly leaf dependencies     },
384 silly leaf dependencies     {
384 silly leaf dependencies       "dependency": "react@^15.6.1",
384 silly leaf dependencies       "isSatisfied": false
384 silly leaf dependencies     },
384 silly leaf dependencies     {
384 silly leaf dependencies       "dependency": "react-dom@^15.6.1",
384 silly leaf dependencies       "isSatisfied": false
384 silly leaf dependencies     },
384 silly leaf dependencies     {
384 silly leaf dependencies       "dependency": "@types/lodash@^4.14.74",
384 silly leaf dependencies       "isSatisfied": false
384 silly leaf dependencies     },
384 silly leaf dependencies     {
384 silly leaf dependencies       "dependency": "diacritics@^1.3.0",
384 silly leaf dependencies       "isSatisfied": false
384 silly leaf dependencies     },
384 silly leaf dependencies     {
384 silly leaf dependencies       "dependency": "idly-data@file:../idly-data/",
384 silly leaf dependencies       "isSatisfied": false
384 silly leaf dependencies     },
384 silly leaf dependencies     {
384 silly leaf dependencies       "dependency": "idly-graph@file:../idly-graph",
384 silly leaf dependencies       "isSatisfied": false
384 silly leaf dependencies     },
384 silly leaf dependencies     {
384 silly leaf dependencies       "dependency": "lodash@^4.17.4",
384 silly leaf dependencies       "isSatisfied": false
384 silly leaf dependencies     },
384 silly leaf dependencies     {
384 silly leaf dependencies       "dependency": "ramda@^0.24.1",
384 silly leaf dependencies       "isSatisfied": false
384 silly leaf dependencies     }
384 silly leaf dependencies   ],
384 silly leaf dependencies   "idly": [
384 silly leaf dependencies     {
384 silly leaf dependencies       "dependency": "@types/jest@^20.0.7",
384 silly leaf dependencies       "isSatisfied": false
384 silly leaf dependencies     },
384 silly leaf dependencies     {
384 silly leaf dependencies       "dependency": "jest@^20.0.4",
384 silly leaf dependencies       "isSatisfied": false
384 silly leaf dependencies     },
384 silly leaf dependencies     {
384 silly leaf dependencies       "dependency": "ts-jest@^20.0.10",
384 silly leaf dependencies       "isSatisfied": false
384 silly leaf dependencies     },
384 silly leaf dependencies     {
384 silly leaf dependencies       "dependency": "tslint@^5.6.0",
384 silly leaf dependencies       "isSatisfied": false
384 silly leaf dependencies     },
384 silly leaf dependencies     {
384 silly leaf dependencies       "dependency": "typescript@^2.4.2",
384 silly leaf dependencies       "isSatisfied": false
384 silly leaf dependencies     },
384 silly leaf dependencies     {
384 silly leaf dependencies       "dependency": "@mapbox/sphericalmercator@^1.0.5",
384 silly leaf dependencies       "isSatisfied": false
384 silly leaf dependencies     },
384 silly leaf dependencies     {
384 silly leaf dependencies       "dependency": "@turf/helpers@^4.6.0",
384 silly leaf dependencies       "isSatisfied": false
384 silly leaf dependencies     },
384 silly leaf dependencies     {
384 silly leaf dependencies       "dependency": "@turf/transform-scale@^4.6.1",
384 silly leaf dependencies       "isSatisfied": false
384 silly leaf dependencies     },
384 silly leaf dependencies     {
384 silly leaf dependencies       "dependency": "@types/geojson@^1.0.2",
384 silly leaf dependencies       "isSatisfied": false
384 silly leaf dependencies     },
384 silly leaf dependencies     {
384 silly leaf dependencies       "dependency": "immutable@3.8.1",
384 silly leaf dependencies       "isSatisfied": false
384 silly leaf dependencies     },
384 silly leaf dependencies     {
384 silly leaf dependencies       "dependency": "awesome-typescript-loader@^3.2.2",
384 silly leaf dependencies       "isSatisfied": false
384 silly leaf dependencies     },
384 silly leaf dependencies     {
384 silly leaf dependencies       "dependency": "webpack@^3.5.5",
384 silly leaf dependencies       "isSatisfied": false
384 silly leaf dependencies     },
384 silly leaf dependencies     {
384 silly leaf dependencies       "dependency": "idly-osm@file:../idly-osm",
384 silly leaf dependencies       "isSatisfied": false
384 silly leaf dependencies     },
384 silly leaf dependencies     {
384 silly leaf dependencies       "dependency": "tslint-immutable@^4.0.2",
384 silly leaf dependencies       "isSatisfied": false
384 silly leaf dependencies     },
384 silly leaf dependencies     {
384 silly leaf dependencies       "dependency": "idly-common@file:../idly-common",
384 silly leaf dependencies       "isSatisfied": false
384 silly leaf dependencies     },
384 silly leaf dependencies     {
384 silly leaf dependencies       "dependency": "promise-worker@^1.1.1",
384 silly leaf dependencies       "isSatisfied": false
384 silly leaf dependencies     },
384 silly leaf dependencies     {
384 silly leaf dependencies       "dependency": "xmldom@^0.1.27",
384 silly leaf dependencies       "isSatisfied": false
384 silly leaf dependencies     },
384 silly leaf dependencies     {
384 silly leaf dependencies       "dependency": "antd@^2.12.8",
384 silly leaf dependencies       "isSatisfied": false
384 silly leaf dependencies     },
384 silly leaf dependencies     {
384 silly leaf dependencies       "dependency": "react@^15.6.1",
384 silly leaf dependencies       "isSatisfied": false
384 silly leaf dependencies     },
384 silly leaf dependencies     {
384 silly leaf dependencies       "dependency": "react-dom@^15.6.1",
384 silly leaf dependencies       "isSatisfied": false
384 silly leaf dependencies     },
384 silly leaf dependencies     {
384 silly leaf dependencies       "dependency": "diacritics@^1.3.0",
384 silly leaf dependencies       "isSatisfied": false
384 silly leaf dependencies     },
384 silly leaf dependencies     {
384 silly leaf dependencies       "dependency": "idly-graph@file:../idly-graph",
384 silly leaf dependencies       "isSatisfied": false
384 silly leaf dependencies     },
384 silly leaf dependencies     {
384 silly leaf dependencies       "dependency": "lodash@^4.17.4",
384 silly leaf dependencies       "isSatisfied": false
384 silly leaf dependencies     },
384 silly leaf dependencies     {
384 silly leaf dependencies       "dependency": "ramda@^0.24.1",
384 silly leaf dependencies       "isSatisfied": false
384 silly leaf dependencies     },
384 silly leaf dependencies     {
384 silly leaf dependencies       "dependency": "@types/react-redux@^5.0.1",
384 silly leaf dependencies       "isSatisfied": false
384 silly leaf dependencies     },
384 silly leaf dependencies     {
384 silly leaf dependencies       "dependency": "@types/turf@^3.5.32",
384 silly leaf dependencies       "isSatisfied": false
384 silly leaf dependencies     },
384 silly leaf dependencies     {
384 silly leaf dependencies       "dependency": "babel-core@^6.26.0",
384 silly leaf dependencies       "isSatisfied": false
384 silly leaf dependencies     },
384 silly leaf dependencies     {
384 silly leaf dependencies       "dependency": "babel-loader@^7.1.2",
384 silly leaf dependencies       "isSatisfied": false
384 silly leaf dependencies     },
384 silly leaf dependencies     {
384 silly leaf dependencies       "dependency": "babel-preset-env@^1.6.0",
384 silly leaf dependencies       "isSatisfied": false
384 silly leaf dependencies     },
384 silly leaf dependencies     {
384 silly leaf dependencies       "dependency": "css-loader@^0.28.4",
384 silly leaf dependencies       "isSatisfied": false
384 silly leaf dependencies     },
384 silly leaf dependencies     {
384 silly leaf dependencies       "dependency": "dependency-cruiser@^2.3.1",
384 silly leaf dependencies       "isSatisfied": false
384 silly leaf dependencies     },
384 silly leaf dependencies     {
384 silly leaf dependencies       "dependency": "duplicate-package-checker-webpack-plugin@^1.2.5",
384 silly leaf dependencies       "isSatisfied": false
384 silly leaf dependencies     },
384 silly leaf dependencies     {
384 silly leaf dependencies       "dependency": "enzyme@^2.9.1",
384 silly leaf dependencies       "isSatisfied": false
384 silly leaf dependencies     },
384 silly leaf dependencies     {
384 silly leaf dependencies       "dependency": "html-webpack-plugin@^2.30.1",
384 silly leaf dependencies       "isSatisfied": false
384 silly leaf dependencies     },
384 silly leaf dependencies     {
384 silly leaf dependencies       "dependency": "jsdom@^11.1.0",
384 silly leaf dependencies       "isSatisfied": false
384 silly leaf dependencies     },
384 silly leaf dependencies     {
384 silly leaf dependencies       "dependency": "mapbox-gl-inspect@^1.2.3",
384 silly leaf dependencies       "isSatisfied": false
384 silly leaf dependencies     },
384 silly leaf dependencies     {
384 silly leaf dependencies       "dependency": "react-test-renderer@^15.6.1",
384 silly leaf dependencies       "isSatisfied": false
384 silly leaf dependencies     },
384 silly leaf dependencies     {
384 silly leaf dependencies       "dependency": "redux-devtools-extension@^2.13.2",
384 silly leaf dependencies       "isSatisfied": false
384 silly leaf dependencies     },
384 silly leaf dependencies     {
384 silly leaf dependencies       "dependency": "source-map-loader@^0.2.1",
384 silly leaf dependencies       "isSatisfied": false
384 silly leaf dependencies     },
384 silly leaf dependencies     {
384 silly leaf dependencies       "dependency": "style-loader@^0.18.2",
384 silly leaf dependencies       "isSatisfied": false
384 silly leaf dependencies     },
384 silly leaf dependencies     {
384 silly leaf dependencies       "dependency": "typedoc@^0.8.0",
384 silly leaf dependencies       "isSatisfied": false
384 silly leaf dependencies     },
384 silly leaf dependencies     {
384 silly leaf dependencies       "dependency": "webpack-dev-server@^2.7.1",
384 silly leaf dependencies       "isSatisfied": false
384 silly leaf dependencies     },
384 silly leaf dependencies     {
384 silly leaf dependencies       "dependency": "why-did-you-update@0.0.8",
384 silly leaf dependencies       "isSatisfied": false
384 silly leaf dependencies     },
384 silly leaf dependencies     {
384 silly leaf dependencies       "dependency": "worker-loader@^0.8.1",
384 silly leaf dependencies       "isSatisfied": false
384 silly leaf dependencies     },
384 silly leaf dependencies     {
384 silly leaf dependencies       "dependency": "@mapbox/mapbox-gl-draw@^1.0.0",
384 silly leaf dependencies       "isSatisfied": false
384 silly leaf dependencies     },
384 silly leaf dependencies     {
384 silly leaf dependencies       "dependency": "@types/d3@^4.10.0",
384 silly leaf dependencies       "isSatisfied": false
384 silly leaf dependencies     },
384 silly leaf dependencies     {
384 silly leaf dependencies       "dependency": "@types/mapbox-gl@^0.39.4",
384 silly leaf dependencies       "isSatisfied": false
384 silly leaf dependencies     },
384 silly leaf dependencies     {
384 silly leaf dependencies       "dependency": "@types/node@^8.0.20",
384 silly leaf dependencies       "isSatisfied": false
384 silly leaf dependencies     },
384 silly leaf dependencies     {
384 silly leaf dependencies       "dependency": "@types/ramda@^0.24.7",
384 silly leaf dependencies       "isSatisfied": false
384 silly leaf dependencies     },
384 silly leaf dependencies     {
384 silly leaf dependencies       "dependency": "circular-dependency-plugin@^3.0.0",
384 silly leaf dependencies       "isSatisfied": false
384 silly leaf dependencies     },
384 silly leaf dependencies     {
384 silly leaf dependencies       "dependency": "d3@^4.10.0",
384 silly leaf dependencies       "isSatisfied": false
384 silly leaf dependencies     },
384 silly leaf dependencies     {
384 silly leaf dependencies       "dependency": "lodash.debounce@^4.0.8",
384 silly leaf dependencies       "isSatisfied": false
384 silly leaf dependencies     },
384 silly leaf dependencies     {
384 silly leaf dependencies       "dependency": "mapbox-gl@^0.39.1",
384 silly leaf dependencies       "isSatisfied": false
384 silly leaf dependencies     },
384 silly leaf dependencies     {
384 silly leaf dependencies       "dependency": "name-suggestion-index@^0.1.1",
384 silly leaf dependencies       "isSatisfied": false
384 silly leaf dependencies     },
384 silly leaf dependencies     {
384 silly leaf dependencies       "dependency": "npm@^5.3.0",
384 silly leaf dependencies       "isSatisfied": false
384 silly leaf dependencies     },
384 silly leaf dependencies     {
384 silly leaf dependencies       "dependency": "osmtogeojson@^3.0.0-beta.2",
384 silly leaf dependencies       "isSatisfied": false
384 silly leaf dependencies     },
384 silly leaf dependencies     {
384 silly leaf dependencies       "dependency": "react-redux@^5.0.6",
384 silly leaf dependencies       "isSatisfied": false
384 silly leaf dependencies     },
384 silly leaf dependencies     {
384 silly leaf dependencies       "dependency": "react-sizeme@^2.3.4",
384 silly leaf dependencies       "isSatisfied": false
384 silly leaf dependencies     },
384 silly leaf dependencies     {
384 silly leaf dependencies       "dependency": "redux@^3.7.2",
384 silly leaf dependencies       "isSatisfied": false
384 silly leaf dependencies     },
384 silly leaf dependencies     {
384 silly leaf dependencies       "dependency": "redux-immutable@^4.0.0",
384 silly leaf dependencies       "isSatisfied": false
384 silly leaf dependencies     },
384 silly leaf dependencies     {
384 silly leaf dependencies       "dependency": "redux-saga@^0.15.6",
384 silly leaf dependencies       "isSatisfied": false
384 silly leaf dependencies     },
384 silly leaf dependencies     {
384 silly leaf dependencies       "dependency": "tslint-microsoft-contrib@^5.0.1",
384 silly leaf dependencies       "isSatisfied": false
384 silly leaf dependencies     },
384 silly leaf dependencies     {
384 silly leaf dependencies       "dependency": "turf@^3.0.14",
384 silly leaf dependencies       "isSatisfied": false
384 silly leaf dependencies     },
384 silly leaf dependencies     {
384 silly leaf dependencies       "dependency": "webpack-bundle-analyzer@^2.9.0",
384 silly leaf dependencies       "isSatisfied": false
384 silly leaf dependencies     },
384 silly leaf dependencies     {
384 silly leaf dependencies       "dependency": "wmf-sitematrix@^0.1.4",
384 silly leaf dependencies       "isSatisfied": false
384 silly leaf dependencies     }
384 silly leaf dependencies   ],
384 silly leaf dependencies   "idly-data": [
384 silly leaf dependencies     {
384 silly leaf dependencies       "dependency": "typescript@^2.4.2",
384 silly leaf dependencies       "isSatisfied": false
384 silly leaf dependencies     },
384 silly leaf dependencies     {
384 silly leaf dependencies       "dependency": "awesome-typescript-loader@^3.2.3",
384 silly leaf dependencies       "isSatisfied": false
384 silly leaf dependencies     },
384 silly leaf dependencies     {
384 silly leaf dependencies       "dependency": "webpack@^3.5.5",
384 silly leaf dependencies       "isSatisfied": false
384 silly leaf dependencies     }
384 silly leaf dependencies   ]
384 silly leaf dependencies }
385 info Installing external dependencies
386 verbose actions 5 actions, concurrency 4
387 silly installInDir idly-common [ '@types/jest@^20.0.8',
387 silly installInDir   'jest@^20.0.4',
387 silly installInDir   'ts-jest@^20.0.14',
387 silly installInDir   'tslint@^5.6.0',
387 silly installInDir   'typescript@^2.5.2',
387 silly installInDir   '@mapbox/sphericalmercator@^1.0.5',
387 silly installInDir   '@turf/bbox@^4.6.0',
387 silly installInDir   '@turf/bbox-polygon@^4.6.0',
387 silly installInDir   '@turf/helpers@^4.6.0',
387 silly installInDir   '@turf/transform-scale@^4.6.1',
387 silly installInDir   '@types/geojson@^1.0.3',
387 silly installInDir   'geojson@^0.5.0',
387 silly installInDir   'immutable@^3.8.1',
387 silly installInDir   'typed-immutable-record@0.0.6' ]
388 silly installInDir backup /Users/kushanjoshi/code/open/idly-mono/packages/idly-common/package.json
389 silly rename [ '/Users/kushanjoshi/code/open/idly-mono/packages/idly-common/package.json',
389 silly rename   '/Users/kushanjoshi/code/open/idly-mono/packages/idly-common/package.json.lerna_backup' ]
390 silly installInDir idly-graph [ '@types/jest@^21.1.1',
390 silly installInDir   'jest@^21.2.1',
390 silly installInDir   'ts-jest@^21.0.1',
390 silly installInDir   'tslint@^5.7.0',
390 silly installInDir   'typescript@^2.4.2',
390 silly installInDir   '@turf/bbox@^5.0.0',
390 silly installInDir   '@turf/bbox-polygon@^4.7.3',
390 silly installInDir   '@turf/helpers@^5.0.0',
390 silly installInDir   '@turf/transform-scale@^4.7.3',
390 silly installInDir   'idly-osm@file:../idly-osm',
390 silly installInDir   'node-fetch@^1.7.3',
390 silly installInDir   'tslint-consistent-codestyle@^1.6.0',
390 silly installInDir   'tslint-immutable@^4.1.0',
390 silly installInDir   '@turf/area@^4.7.3',
390 silly installInDir   '@turf/intersect@^4.7.4',
390 silly installInDir   '@types/rbush@^2.0.2',
390 silly installInDir   '@types/xmldom@^0.1.29',
390 silly installInDir   'idly-common@file:../idly-common',
390 silly installInDir   'promise-worker@^1.1.1',
390 silly installInDir   'rbush@^2.0.1',
390 silly installInDir   'turf-linestring@^1.0.2',
390 silly installInDir   'turf-polygon@^1.0.3',
390 silly installInDir   'xmldom@^0.1.27' ]
391 silly installInDir backup /Users/kushanjoshi/code/open/idly-mono/packages/idly-graph/package.json
392 silly rename [ '/Users/kushanjoshi/code/open/idly-mono/packages/idly-graph/package.json',
392 silly rename   '/Users/kushanjoshi/code/open/idly-mono/packages/idly-graph/package.json.lerna_backup' ]
393 silly installInDir idly-osm [ '@types/jest@^20.0.7',
393 silly installInDir   'jest@^20.0.4',
393 silly installInDir   'ts-jest@^20.0.10',
393 silly installInDir   'typescript@^2.4.2',
393 silly installInDir   'immutable@^3.8.1',
393 silly installInDir   'idly-common@file:../idly-common',
393 silly installInDir   '@types/react@^16.0.5',
393 silly installInDir   'antd@^2.12.8',
393 silly installInDir   'react@^15.6.1',
393 silly installInDir   'react-dom@^15.6.1',
393 silly installInDir   '@types/lodash@^4.14.74',
393 silly installInDir   'diacritics@^1.3.0',
393 silly installInDir   'idly-data@file:../idly-data/',
393 silly installInDir   'idly-graph@file:../idly-graph',
393 silly installInDir   'lodash@^4.17.4',
393 silly installInDir   'ramda@^0.24.1' ]
394 silly installInDir backup /Users/kushanjoshi/code/open/idly-mono/packages/idly-osm/package.json
395 silly rename [ '/Users/kushanjoshi/code/open/idly-mono/packages/idly-osm/package.json',
395 silly rename   '/Users/kushanjoshi/code/open/idly-mono/packages/idly-osm/package.json.lerna_backup' ]
396 silly installInDir idly [ '@types/jest@^20.0.7',
396 silly installInDir   'jest@^20.0.4',
396 silly installInDir   'ts-jest@^20.0.10',
396 silly installInDir   'tslint@^5.6.0',
396 silly installInDir   'typescript@^2.4.2',
396 silly installInDir   '@mapbox/sphericalmercator@^1.0.5',
396 silly installInDir   '@turf/helpers@^4.6.0',
396 silly installInDir   '@turf/transform-scale@^4.6.1',
396 silly installInDir   '@types/geojson@^1.0.2',
396 silly installInDir   'immutable@3.8.1',
396 silly installInDir   'awesome-typescript-loader@^3.2.2',
396 silly installInDir   'webpack@^3.5.5',
396 silly installInDir   'idly-osm@file:../idly-osm',
396 silly installInDir   'tslint-immutable@^4.0.2',
396 silly installInDir   'idly-common@file:../idly-common',
396 silly installInDir   'promise-worker@^1.1.1',
396 silly installInDir   'xmldom@^0.1.27',
396 silly installInDir   'antd@^2.12.8',
396 silly installInDir   'react@^15.6.1',
396 silly installInDir   'react-dom@^15.6.1',
396 silly installInDir   'diacritics@^1.3.0',
396 silly installInDir   'idly-graph@file:../idly-graph',
396 silly installInDir   'lodash@^4.17.4',
396 silly installInDir   'ramda@^0.24.1',
396 silly installInDir   '@types/react-redux@^5.0.1',
396 silly installInDir   '@types/turf@^3.5.32',
396 silly installInDir   'babel-core@^6.26.0',
396 silly installInDir   'babel-loader@^7.1.2',
396 silly installInDir   'babel-preset-env@^1.6.0',
396 silly installInDir   'css-loader@^0.28.4',
396 silly installInDir   'dependency-cruiser@^2.3.1',
396 silly installInDir   'duplicate-package-checker-webpack-plugin@^1.2.5',
396 silly installInDir   'enzyme@^2.9.1',
396 silly installInDir   'html-webpack-plugin@^2.30.1',
396 silly installInDir   'jsdom@^11.1.0',
396 silly installInDir   'mapbox-gl-inspect@^1.2.3',
396 silly installInDir   'react-test-renderer@^15.6.1',
396 silly installInDir   'redux-devtools-extension@^2.13.2',
396 silly installInDir   'source-map-loader@^0.2.1',
396 silly installInDir   'style-loader@^0.18.2',
396 silly installInDir   'typedoc@^0.8.0',
396 silly installInDir   'webpack-dev-server@^2.7.1',
396 silly installInDir   'why-did-you-update@0.0.8',
396 silly installInDir   'worker-loader@^0.8.1',
396 silly installInDir   '@mapbox/mapbox-gl-draw@^1.0.0',
396 silly installInDir   '@types/d3@^4.10.0',
396 silly installInDir   '@types/mapbox-gl@^0.39.4',
396 silly installInDir   '@types/node@^8.0.20',
396 silly installInDir   '@types/ramda@^0.24.7',
396 silly installInDir   'circular-dependency-plugin@^3.0.0',
396 silly installInDir   'd3@^4.10.0',
396 silly installInDir   'lodash.debounce@^4.0.8',
396 silly installInDir   'mapbox-gl@^0.39.1',
396 silly installInDir   'name-suggestion-index@^0.1.1',
396 silly installInDir   'npm@^5.3.0',
396 silly installInDir   'osmtogeojson@^3.0.0-beta.2',
396 silly installInDir   'react-redux@^5.0.6',
396 silly installInDir   'react-sizeme@^2.3.4',
396 silly installInDir   'redux@^3.7.2',
396 silly installInDir   'redux-immutable@^4.0.0',
396 silly installInDir   'redux-saga@^0.15.6',
396 silly installInDir   'tslint-microsoft-contrib@^5.0.1',
396 silly installInDir   'turf@^3.0.14',
396 silly installInDir   'webpack-bundle-analyzer@^2.9.0',
396 silly installInDir   'wmf-sitematrix@^0.1.4' ]
397 silly installInDir backup /Users/kushanjoshi/code/open/idly-mono/packages/idly/package.json
398 silly rename [ '/Users/kushanjoshi/code/open/idly-mono/packages/idly/package.json',
398 silly rename   '/Users/kushanjoshi/code/open/idly-mono/packages/idly/package.json.lerna_backup' ]
399 silly installInDir writing tempJson { dependencies:
399 silly installInDir    { '@types/jest': '^20.0.8',
399 silly installInDir      jest: '^20.0.4',
399 silly installInDir      'ts-jest': '^20.0.14',
399 silly installInDir      tslint: '^5.6.0',
399 silly installInDir      typescript: '^2.5.2',
399 silly installInDir      '@mapbox/sphericalmercator': '^1.0.5',
399 silly installInDir      '@turf/bbox': '^4.6.0',
399 silly installInDir      '@turf/bbox-polygon': '^4.6.0',
399 silly installInDir      '@turf/helpers': '^4.6.0',
399 silly installInDir      '@turf/transform-scale': '^4.6.1',
399 silly installInDir      '@types/geojson': '^1.0.3',
399 silly installInDir      geojson: '^0.5.0',
399 silly installInDir      immutable: '^3.8.1',
399 silly installInDir      'typed-immutable-record': '0.0.6' } }
400 silly installInDir writing tempJson { dependencies:
400 silly installInDir    { '@types/jest': '^21.1.1',
400 silly installInDir      jest: '^21.2.1',
400 silly installInDir      'ts-jest': '^21.0.1',
400 silly installInDir      tslint: '^5.7.0',
400 silly installInDir      typescript: '^2.4.2',
400 silly installInDir      '@turf/bbox': '^5.0.0',
400 silly installInDir      '@turf/bbox-polygon': '^4.7.3',
400 silly installInDir      '@turf/helpers': '^5.0.0',
400 silly installInDir      '@turf/transform-scale': '^4.7.3',
400 silly installInDir      'idly-osm': 'file:../idly-osm',
400 silly installInDir      'node-fetch': '^1.7.3',
400 silly installInDir      'tslint-consistent-codestyle': '^1.6.0',
400 silly installInDir      'tslint-immutable': '^4.1.0',
400 silly installInDir      '@turf/area': '^4.7.3',
400 silly installInDir      '@turf/intersect': '^4.7.4',
400 silly installInDir      '@types/rbush': '^2.0.2',
400 silly installInDir      '@types/xmldom': '^0.1.29',
400 silly installInDir      'idly-common': 'file:../idly-common',
400 silly installInDir      'promise-worker': '^1.1.1',
400 silly installInDir      rbush: '^2.0.1',
400 silly installInDir      'turf-linestring': '^1.0.2',
400 silly installInDir      'turf-polygon': '^1.0.3',
400 silly installInDir      xmldom: '^0.1.27' } }
401 silly installInDir writing tempJson { dependencies:
401 silly installInDir    { '@types/jest': '^20.0.7',
401 silly installInDir      jest: '^20.0.4',
401 silly installInDir      'ts-jest': '^20.0.10',
401 silly installInDir      typescript: '^2.4.2',
401 silly installInDir      immutable: '^3.8.1',
401 silly installInDir      'idly-common': 'file:../idly-common',
401 silly installInDir      '@types/react': '^16.0.5',
401 silly installInDir      antd: '^2.12.8',
401 silly installInDir      react: '^15.6.1',
401 silly installInDir      'react-dom': '^15.6.1',
401 silly installInDir      '@types/lodash': '^4.14.74',
401 silly installInDir      diacritics: '^1.3.0',
401 silly installInDir      'idly-data': 'file:../idly-data/',
401 silly installInDir      'idly-graph': 'file:../idly-graph',
401 silly installInDir      lodash: '^4.17.4',
401 silly installInDir      ramda: '^0.24.1' } }
402 silly installInDir writing tempJson { dependencies:
402 silly installInDir    { '@types/jest': '^20.0.7',
402 silly installInDir      jest: '^20.0.4',
402 silly installInDir      'ts-jest': '^20.0.10',
402 silly installInDir      tslint: '^5.6.0',
402 silly installInDir      typescript: '^2.4.2',
402 silly installInDir      '@mapbox/sphericalmercator': '^1.0.5',
402 silly installInDir      '@turf/helpers': '^4.6.0',
402 silly installInDir      '@turf/transform-scale': '^4.6.1',
402 silly installInDir      '@types/geojson': '^1.0.2',
402 silly installInDir      immutable: '3.8.1',
402 silly installInDir      'awesome-typescript-loader': '^3.2.2',
402 silly installInDir      webpack: '^3.5.5',
402 silly installInDir      'idly-osm': 'file:../idly-osm',
402 silly installInDir      'tslint-immutable': '^4.0.2',
402 silly installInDir      'idly-common': 'file:../idly-common',
402 silly installInDir      'promise-worker': '^1.1.1',
402 silly installInDir      xmldom: '^0.1.27',
402 silly installInDir      antd: '^2.12.8',
402 silly installInDir      react: '^15.6.1',
402 silly installInDir      'react-dom': '^15.6.1',
402 silly installInDir      diacritics: '^1.3.0',
402 silly installInDir      'idly-graph': 'file:../idly-graph',
402 silly installInDir      lodash: '^4.17.4',
402 silly installInDir      ramda: '^0.24.1',
402 silly installInDir      '@types/react-redux': '^5.0.1',
402 silly installInDir      '@types/turf': '^3.5.32',
402 silly installInDir      'babel-core': '^6.26.0',
402 silly installInDir      'babel-loader': '^7.1.2',
402 silly installInDir      'babel-preset-env': '^1.6.0',
402 silly installInDir      'css-loader': '^0.28.4',
402 silly installInDir      'dependency-cruiser': '^2.3.1',
402 silly installInDir      'duplicate-package-checker-webpack-plugin': '^1.2.5',
402 silly installInDir      enzyme: '^2.9.1',
402 silly installInDir      'html-webpack-plugin': '^2.30.1',
402 silly installInDir      jsdom: '^11.1.0',
402 silly installInDir      'mapbox-gl-inspect': '^1.2.3',
402 silly installInDir      'react-test-renderer': '^15.6.1',
402 silly installInDir      'redux-devtools-extension': '^2.13.2',
402 silly installInDir      'source-map-loader': '^0.2.1',
402 silly installInDir      'style-loader': '^0.18.2',
402 silly installInDir      typedoc: '^0.8.0',
402 silly installInDir      'webpack-dev-server': '^2.7.1',
402 silly installInDir      'why-did-you-update': '0.0.8',
402 silly installInDir      'worker-loader': '^0.8.1',
402 silly installInDir      '@mapbox/mapbox-gl-draw': '^1.0.0',
402 silly installInDir      '@types/d3': '^4.10.0',
402 silly installInDir      '@types/mapbox-gl': '^0.39.4',
402 silly installInDir      '@types/node': '^8.0.20',
402 silly installInDir      '@types/ramda': '^0.24.7',
402 silly installInDir      'circular-dependency-plugin': '^3.0.0',
402 silly installInDir      d3: '^4.10.0',
402 silly installInDir      'lodash.debounce': '^4.0.8',
402 silly installInDir      'mapbox-gl': '^0.39.1',
402 silly installInDir      'name-suggestion-index': '^0.1.1',
402 silly installInDir      npm: '^5.3.0',
402 silly installInDir      osmtogeojson: '^3.0.0-beta.2',
402 silly installInDir      'react-redux': '^5.0.6',
402 silly installInDir      'react-sizeme': '^2.3.4',
402 silly installInDir      redux: '^3.7.2',
402 silly installInDir      'redux-immutable': '^4.0.0',
402 silly installInDir      'redux-saga': '^0.15.6',
402 silly installInDir      'tslint-microsoft-contrib': '^5.0.1',
402 silly installInDir      turf: '^3.0.14',
402 silly installInDir      'webpack-bundle-analyzer': '^2.9.0',
402 silly installInDir      'wmf-sitematrix': '^0.1.4' } }
403 silly getExecOpts { cwd: '/Users/kushanjoshi/code/open/idly-mono/packages/idly-graph' }
404 silly installInDir [ 'npm', [ 'install' ] ]
405 silly getExecOpts { cwd: '/Users/kushanjoshi/code/open/idly-mono/packages/idly' }
406 silly installInDir [ 'npm', [ 'install' ] ]
407 silly getExecOpts { cwd: '/Users/kushanjoshi/code/open/idly-mono/packages/idly-common' }
408 silly installInDir [ 'npm', [ 'install' ] ]
409 silly getExecOpts { cwd: '/Users/kushanjoshi/code/open/idly-mono/packages/idly-osm' }
410 silly installInDir [ 'npm', [ 'install' ] ]
411 silly installInDir cleanup /Users/kushanjoshi/code/open/idly-mono/packages/idly-common/package.json
412 silly renameSync [ '/Users/kushanjoshi/code/open/idly-mono/packages/idly-common/package.json.lerna_backup',
412 silly renameSync   '/Users/kushanjoshi/code/open/idly-mono/packages/idly-common/package.json' ]
413 verbose installed leaf idly-common
414 silly installInDir idly-data [ 'typescript@^2.4.2',
414 silly installInDir   'awesome-typescript-loader@^3.2.3',
414 silly installInDir   'webpack@^3.5.5' ]
415 silly installInDir backup /Users/kushanjoshi/code/open/idly-mono/packages/idly-data/package.json
416 silly rename [ '/Users/kushanjoshi/code/open/idly-mono/packages/idly-data/package.json',
416 silly rename   '/Users/kushanjoshi/code/open/idly-mono/packages/idly-data/package.json.lerna_backup' ]
417 silly installInDir writing tempJson { dependencies:
417 silly installInDir    { typescript: '^2.4.2',
417 silly installInDir      'awesome-typescript-loader': '^3.2.3',
417 silly installInDir      webpack: '^3.5.5' } }
418 silly getExecOpts { cwd: '/Users/kushanjoshi/code/open/idly-mono/packages/idly-data' }
419 silly installInDir [ 'npm', [ 'install' ] ]
420 silly installInDir cleanup /Users/kushanjoshi/code/open/idly-mono/packages/idly-data/package.json
421 silly renameSync [ '/Users/kushanjoshi/code/open/idly-mono/packages/idly-data/package.json.lerna_backup',
421 silly renameSync   '/Users/kushanjoshi/code/open/idly-mono/packages/idly-data/package.json' ]
422 verbose installed leaf idly-data
423 silly installInDir cleanup /Users/kushanjoshi/code/open/idly-mono/packages/idly-osm/package.json
424 silly renameSync [ '/Users/kushanjoshi/code/open/idly-mono/packages/idly-osm/package.json.lerna_backup',
424 silly renameSync   '/Users/kushanjoshi/code/open/idly-mono/packages/idly-osm/package.json' ]
425 verbose installed leaf idly-osm
426 silly installInDir cleanup /Users/kushanjoshi/code/open/idly-mono/packages/idly-graph/package.json
427 silly renameSync [ '/Users/kushanjoshi/code/open/idly-mono/packages/idly-graph/package.json.lerna_backup',
427 silly renameSync   '/Users/kushanjoshi/code/open/idly-mono/packages/idly-graph/package.json' ]
428 verbose installed leaf idly-graph
429 error execute Error: Command failed: npm install
429 error execute FATAL ERROR: CALL_AND_RETRY_LAST Allocation failed - JavaScript heap out of memory
429 error execute  1: node::Abort() [/Users/kushanjoshi/.nvm/versions/node/v8.4.0/bin/node]
429 error execute  2: node::FatalException(v8::Isolate*, v8::Local<v8::Value>, v8::Local<v8::Message>) [/Users/kushanjoshi/.nvm/versions/node/v8.4.0/bin/node]
429 error execute  3: v8::internal::V8::FatalProcessOutOfMemory(char const*, bool) [/Users/kushanjoshi/.nvm/versions/node/v8.4.0/bin/node]
429 error execute  4: v8::internal::Factory::NewTransitionArray(int) [/Users/kushanjoshi/.nvm/versions/node/v8.4.0/bin/node]
429 error execute  5: v8::internal::TransitionArray::Insert(v8::internal::Handle<v8::internal::Map>, v8::internal::Handle<v8::internal::Name>, v8::internal::Handle<v8::internal::Map>, v8::internal::SimpleTransitionFlag) [/Users/kushanjoshi/.nvm/versions/node/v8.4.0/bin/node]
429 error execute  6: v8::internal::Map::CopyReplaceDescriptors(v8::internal::Handle<v8::internal::Map>, v8::internal::Handle<v8::internal::DescriptorArray>, v8::internal::Handle<v8::internal::LayoutDescriptor>, v8::internal::TransitionFlag, v8::internal::MaybeHandle<v8::internal::Name>, char const*, v8::internal::SimpleTransitionFlag) [/Users/kushanjoshi/.nvm/versions/node/v8.4.0/bin/node]
429 error execute  7: v8::internal::Map::CopyAddDescriptor(v8::internal::Handle<v8::internal::Map>, v8::internal::Descriptor*, v8::internal::TransitionFlag) [/Users/kushanjoshi/.nvm/versions/node/v8.4.0/bin/node]
429 error execute  8: v8::internal::Map::CopyWithField(v8::internal::Handle<v8::internal::Map>, v8::internal::Handle<v8::internal::Name>, v8::internal::Handle<v8::internal::FieldType>, v8::internal::PropertyAttributes, v8::internal::PropertyConstness, v8::internal::Representation, v8::internal::TransitionFlag) [/Users/kushanjoshi/.nvm/versions/node/v8.4.0/bin/node]
429 error execute  9: v8::internal::Map::TransitionToDataProperty(v8::internal::Handle<v8::internal::Map>, v8::internal::Handle<v8::internal::Name>, v8::internal::Handle<v8::internal::Object>, v8::internal::PropertyAttributes, v8::internal::PropertyConstness, v8::internal::Object::StoreFromKeyed) [/Users/kushanjoshi/.nvm/versions/node/v8.4.0/bin/node]
429 error execute 10: v8::internal::LookupIterator::PrepareTransitionToDataProperty(v8::internal::Handle<v8::internal::JSObject>, v8::internal::Handle<v8::internal::Object>, v8::internal::PropertyAttributes, v8::internal::Object::StoreFromKeyed) [/Users/kushanjoshi/.nvm/versions/node/v8.4.0/bin/node]
429 error execute 11: v8::internal::StoreIC::LookupForWrite(v8::internal::LookupIterator*, v8::internal::Handle<v8::internal::Object>, v8::internal::Object::StoreFromKeyed) [/Users/kushanjoshi/.nvm/versions/node/v8.4.0/bin/node]
429 error execute 12: v8::internal::StoreIC::UpdateCaches(v8::internal::LookupIterator*, v8::internal::Handle<v8::internal::Object>, v8::internal::Object::StoreFromKeyed) [/Users/kushanjoshi/.nvm/versions/node/v8.4.0/bin/node]
429 error execute 13: v8::internal::StoreIC::Store(v8::internal::Handle<v8::internal::Object>, v8::internal::Handle<v8::internal::Name>, v8::internal::Handle<v8::internal::Object>, v8::internal::Object::StoreFromKeyed) [/Users/kushanjoshi/.nvm/versions/node/v8.4.0/bin/node]
429 error execute 14: v8::internal::KeyedStoreIC::Store(v8::internal::Handle<v8::internal::Object>, v8::internal::Handle<v8::internal::Object>, v8::internal::Handle<v8::internal::Object>) [/Users/kushanjoshi/.nvm/versions/node/v8.4.0/bin/node]
429 error execute 15: v8::internal::Runtime_KeyedStoreIC_Miss(int, v8::internal::Object**, v8::internal::Isolate*) [/Users/kushanjoshi/.nvm/versions/node/v8.4.0/bin/node]
429 error execute 16: 0x94386e840dd
429 error execute 17: 0x943884cc264
429 error execute 18: 0x94386f738aa
429 error execute 19: 0x94386e92f12
429 error execute 20: 0x94386f74242
429 error execute 21: 0x94386e92f12
429 error execute
429 error execute <--- Last few GCs --->
429 error execute
429 error execute [56653:0x102801600]  1454966 ms: Mark-sweep 1405.0 (1538.0) -> 1405.0 (1531.0) MB, 1564.0 / 0.0 ms  (+ 0.0 ms in 0 steps since start of marking, biggest step 0.0 ms, walltime since start of marking 1724 ms) last resort
429 error execute [56653:0x102801600]  1456270 ms: Mark-sweep 1405.0 (1531.0) -> 1405.0 (1530.5) MB, 1303.1 / 0.0 ms  last resort
429 error execute
429 error execute
429 error execute <--- JS stacktrace --->
429 error execute
429 error execute ==== JS stack trace =========================================
429 error execute
429 error execute Security context: 0x3c67561cef1 <JSObject>
429 error execute     1: _extend [util.js:~1000] [pc=0x943884cc264](this=0x43475d89c69 <Object map = 0x23cd3fd327c9>,target=0x2210b7b1a849 <Object map = 0x23cd3fd04829>,source=0x2210b7b1a829 <Object map = 0x23cd3fd43cd9>)
429 error execute     3: getOptions(aka getOptions) [fs.js:71] [bytecode=0x3556a92c0859 offset=50](this=0x3c675602241 <undefined>,options=0x3c67567e879 <String[4]: utf8>,defaultOptions=0x2210b7b1a829 <Object map =...
429 error execute
429 error execute
429 error execute     at Promise.all.then.arr (/Users/kushanjoshi/.nvm/versions/node/v8.4.0/lib/node_modules/lerna/node_modules/execa/index.js:210:11)
429 error execute     at <anonymous>
429 error execute     at process._tickCallback (internal/process/next_tick.js:188:7)
429 error execute  callback with error
429 error execute  { Error: Command failed: npm install
429 error execute FATAL ERROR: CALL_AND_RETRY_LAST Allocation failed - JavaScript heap out of memory
429 error execute  1: node::Abort() [/Users/kushanjoshi/.nvm/versions/node/v8.4.0/bin/node]
429 error execute  2: node::FatalException(v8::Isolate*, v8::Local<v8::Value>, v8::Local<v8::Message>) [/Users/kushanjoshi/.nvm/versions/node/v8.4.0/bin/node]
429 error execute  3: v8::internal::V8::FatalProcessOutOfMemory(char const*, bool) [/Users/kushanjoshi/.nvm/versions/node/v8.4.0/bin/node]
429 error execute  4: v8::internal::Factory::NewTransitionArray(int) [/Users/kushanjoshi/.nvm/versions/node/v8.4.0/bin/node]
429 error execute  5: v8::internal::TransitionArray::Insert(v8::internal::Handle<v8::internal::Map>, v8::internal::Handle<v8::internal::Name>, v8::internal::Handle<v8::internal::Map>, v8::internal::SimpleTransitionFlag) [/Users/kushanjoshi/.nvm/versions/node/v8.4.0/bin/node]
429 error execute  6: v8::internal::Map::CopyReplaceDescriptors(v8::internal::Handle<v8::internal::Map>, v8::internal::Handle<v8::internal::DescriptorArray>, v8::internal::Handle<v8::internal::LayoutDescriptor>, v8::internal::TransitionFlag, v8::internal::MaybeHandle<v8::internal::Name>, char const*, v8::internal::SimpleTransitionFlag) [/Users/kushanjoshi/.nvm/versions/node/v8.4.0/bin/node]
429 error execute  7: v8::internal::Map::CopyAddDescriptor(v8::internal::Handle<v8::internal::Map>, v8::internal::Descriptor*, v8::internal::TransitionFlag) [/Users/kushanjoshi/.nvm/versions/node/v8.4.0/bin/node]
429 error execute  8: v8::internal::Map::CopyWithField(v8::internal::Handle<v8::internal::Map>, v8::internal::Handle<v8::internal::Name>, v8::internal::Handle<v8::internal::FieldType>, v8::internal::PropertyAttributes, v8::internal::PropertyConstness, v8::internal::Representation, v8::internal::TransitionFlag) [/Users/kushanjoshi/.nvm/versions/node/v8.4.0/bin/node]
429 error execute  9: v8::internal::Map::TransitionToDataProperty(v8::internal::Handle<v8::internal::Map>, v8::internal::Handle<v8::internal::Name>, v8::internal::Handle<v8::internal::Object>, v8::internal::PropertyAttributes, v8::internal::PropertyConstness, v8::internal::Object::StoreFromKeyed) [/Users/kushanjoshi/.nvm/versions/node/v8.4.0/bin/node]
429 error execute 10: v8::internal::LookupIterator::PrepareTransitionToDataProperty(v8::internal::Handle<v8::internal::JSObject>, v8::internal::Handle<v8::internal::Object>, v8::internal::PropertyAttributes, v8::internal::Object::StoreFromKeyed) [/Users/kushanjoshi/.nvm/versions/node/v8.4.0/bin/node]
429 error execute 11: v8::internal::StoreIC::LookupForWrite(v8::internal::LookupIterator*, v8::internal::Handle<v8::internal::Object>, v8::internal::Object::StoreFromKeyed) [/Users/kushanjoshi/.nvm/versions/node/v8.4.0/bin/node]
429 error execute 12: v8::internal::StoreIC::UpdateCaches(v8::internal::LookupIterator*, v8::internal::Handle<v8::internal::Object>, v8::internal::Object::StoreFromKeyed) [/Users/kushanjoshi/.nvm/versions/node/v8.4.0/bin/node]
429 error execute 13: v8::internal::StoreIC::Store(v8::internal::Handle<v8::internal::Object>, v8::internal::Handle<v8::internal::Name>, v8::internal::Handle<v8::internal::Object>, v8::internal::Object::StoreFromKeyed) [/Users/kushanjoshi/.nvm/versions/node/v8.4.0/bin/node]
429 error execute 14: v8::internal::KeyedStoreIC::Store(v8::internal::Handle<v8::internal::Object>, v8::internal::Handle<v8::internal::Object>, v8::internal::Handle<v8::internal::Object>) [/Users/kushanjoshi/.nvm/versions/node/v8.4.0/bin/node]
429 error execute 15: v8::internal::Runtime_KeyedStoreIC_Miss(int, v8::internal::Object**, v8::internal::Isolate*) [/Users/kushanjoshi/.nvm/versions/node/v8.4.0/bin/node]
429 error execute 16: 0x94386e840dd
429 error execute 17: 0x943884cc264
429 error execute 18: 0x94386f738aa
429 error execute 19: 0x94386e92f12
429 error execute 20: 0x94386f74242
429 error execute 21: 0x94386e92f12
429 error execute
429 error execute <--- Last few GCs --->
429 error execute
429 error execute [56653:0x102801600]  1454966 ms: Mark-sweep 1405.0 (1538.0) -> 1405.0 (1531.0) MB, 1564.0 / 0.0 ms  (+ 0.0 ms in 0 steps since start of marking, biggest step 0.0 ms, walltime since start of marking 1724 ms) last resort
429 error execute [56653:0x102801600]  1456270 ms: Mark-sweep 1405.0 (1531.0) -> 1405.0 (1530.5) MB, 1303.1 / 0.0 ms  last resort
429 error execute
429 error execute
429 error execute <--- JS stacktrace --->
429 error execute
429 error execute ==== JS stack trace =========================================
429 error execute
429 error execute Security context: 0x3c67561cef1 <JSObject>
429 error execute     1: _extend [util.js:~1000] [pc=0x943884cc264](this=0x43475d89c69 <Object map = 0x23cd3fd327c9>,target=0x2210b7b1a849 <Object map = 0x23cd3fd04829>,source=0x2210b7b1a829 <Object map = 0x23cd3fd43cd9>)
429 error execute     3: getOptions(aka getOptions) [fs.js:71] [bytecode=0x3556a92c0859 offset=50](this=0x3c675602241 <undefined>,options=0x3c67567e879 <String[4]: utf8>,defaultOptions=0x2210b7b1a829 <Object map =...
429 error execute
429 error execute
429 error execute     at Promise.all.then.arr (/Users/kushanjoshi/.nvm/versions/node/v8.4.0/lib/node_modules/lerna/node_modules/execa/index.js:210:11)
429 error execute     at <anonymous>
429 error execute     at process._tickCallback (internal/process/next_tick.js:188:7)
429 error execute   stack: 'Error: Command failed: npm install\nFATAL ERROR: CALL_AND_RETRY_LAST Allocation failed - JavaScript heap out of memory\n 1: node::Abort() [/Users/kushanjoshi/.nvm/versions/node/v8.4.0/bin/node]\n 2: node::FatalException(v8::Isolate*, v8::Local<v8::Value>, v8::Local<v8::Message>) [/Users/kushanjoshi/.nvm/versions/node/v8.4.0/bin/node]\n 3: v8::internal::V8::FatalProcessOutOfMemory(char const*, bool) [/Users/kushanjoshi/.nvm/versions/node/v8.4.0/bin/node]\n 4: v8::internal::Factory::NewTransitionArray(int) [/Users/kushanjoshi/.nvm/versions/node/v8.4.0/bin/node]\n 5: v8::internal::TransitionArray::Insert(v8::internal::Handle<v8::internal::Map>, v8::internal::Handle<v8::internal::Name>, v8::internal::Handle<v8::internal::Map>, v8::internal::SimpleTransitionFlag) [/Users/kushanjoshi/.nvm/versions/node/v8.4.0/bin/node]\n 6: v8::internal::Map::CopyReplaceDescriptors(v8::internal::Handle<v8::internal::Map>, v8::internal::Handle<v8::internal::DescriptorArray>, v8::internal::Handle<v8::internal::LayoutDescriptor>, v8::internal::TransitionFlag, v8::internal::MaybeHandle<v8::internal::Name>, char const*, v8::internal::SimpleTransitionFlag) [/Users/kushanjoshi/.nvm/versions/node/v8.4.0/bin/node]\n 7: v8::internal::Map::CopyAddDescriptor(v8::internal::Handle<v8::internal::Map>, v8::internal::Descriptor*, v8::internal::TransitionFlag) [/Users/kushanjoshi/.nvm/versions/node/v8.4.0/bin/node]\n 8: v8::internal::Map::CopyWithField(v8::internal::Handle<v8::internal::Map>, v8::internal::Handle<v8::internal::Name>, v8::internal::Handle<v8::internal::FieldType>, v8::internal::PropertyAttributes, v8::internal::PropertyConstness, v8::internal::Representation, v8::internal::TransitionFlag) [/Users/kushanjoshi/.nvm/versions/node/v8.4.0/bin/node]\n 9: v8::internal::Map::TransitionToDataProperty(v8::internal::Handle<v8::internal::Map>, v8::internal::Handle<v8::internal::Name>, v8::internal::Handle<v8::internal::Object>, v8::internal::PropertyAttributes, v8::internal::PropertyConstness, v8::internal::Object::StoreFromKeyed) [/Users/kushanjoshi/.nvm/versions/node/v8.4.0/bin/node]\n10: v8::internal::LookupIterator::PrepareTransitionToDataProperty(v8::internal::Handle<v8::internal::JSObject>, v8::internal::Handle<v8::internal::Object>, v8::internal::PropertyAttributes, v8::internal::Object::StoreFromKeyed) [/Users/kushanjoshi/.nvm/versions/node/v8.4.0/bin/node]\n11: v8::internal::StoreIC::LookupForWrite(v8::internal::LookupIterator*, v8::internal::Handle<v8::internal::Object>, v8::internal::Object::StoreFromKeyed) [/Users/kushanjoshi/.nvm/versions/node/v8.4.0/bin/node]\n12: v8::internal::StoreIC::UpdateCaches(v8::internal::LookupIterator*, v8::internal::Handle<v8::internal::Object>, v8::internal::Object::StoreFromKeyed) [/Users/kushanjoshi/.nvm/versions/node/v8.4.0/bin/node]\n13: v8::internal::StoreIC::Store(v8::internal::Handle<v8::internal::Object>, v8::internal::Handle<v8::internal::Name>, v8::internal::Handle<v8::internal::Object>, v8::internal::Object::StoreFromKeyed) [/Users/kushanjoshi/.nvm/versions/node/v8.4.0/bin/node]\n14: v8::internal::KeyedStoreIC::Store(v8::internal::Handle<v8::internal::Object>, v8::internal::Handle<v8::internal::Object>, v8::internal::Handle<v8::internal::Object>) [/Users/kushanjoshi/.nvm/versions/node/v8.4.0/bin/node]\n15: v8::internal::Runtime_KeyedStoreIC_Miss(int, v8::internal::Object**, v8::internal::Isolate*) [/Users/kushanjoshi/.nvm/versions/node/v8.4.0/bin/node]\n16: 0x94386e840dd\n17: 0x943884cc264\n18: 0x94386f738aa\n19: 0x94386e92f12\n20: 0x94386f74242\n21: 0x94386e92f12\n\n<--- Last few GCs --->\n\n[56653:0x102801600]  1454966 ms: Mark-sweep 1405.0 (1538.0) -> 1405.0 (1531.0) MB, 1564.0 / 0.0 ms  (+ 0.0 ms in 0 steps since start of marking, biggest step 0.0 ms, walltime since start of marking 1724 ms) last resort \n[56653:0x102801600]  1456270 ms: Mark-sweep 1405.0 (1531.0) -> 1405.0 (1530.5) MB, 1303.1 / 0.0 ms  last resort \n\n\n<--- JS stacktrace --->\n\n==== JS stack trace =========================================\n\nSecurity context: 0x3c67561cef1 <JSObject>\n    1: _extend [util.js:~1000] [pc=0x943884cc264](this=0x43475d89c69 <Object map = 0x23cd3fd327c9>,target=0x2210b7b1a849 <Object map = 0x23cd3fd04829>,source=0x2210b7b1a829 <Object map = 0x23cd3fd43cd9>)\n    3: getOptions(aka getOptions) [fs.js:71] [bytecode=0x3556a92c0859 offset=50](this=0x3c675602241 <undefined>,options=0x3c67567e879 <String[4]: utf8>,defaultOptions=0x2210b7b1a829 <Object map =...\n\n\n    at Promise.all.then.arr (/Users/kushanjoshi/.nvm/versions/node/v8.4.0/lib/node_modules/lerna/node_modules/execa/index.js:210:11)\n    at <anonymous>\n    at process._tickCallback (internal/process/next_tick.js:188:7)',
429 error execute   code: null,
429 error execute   killed: false,
429 error execute   stdout: '\n<--- Last few GCs --->\n\n[56653:0x102801600]  1454966 ms: Mark-sweep 1405.0 (1538.0) -> 1405.0 (1531.0) MB, 1564.0 / 0.0 ms  (+ 0.0 ms in 0 steps since start of marking, biggest step 0.0 ms, walltime since start of marking 1724 ms) last resort \n[56653:0x102801600]  1456270 ms: Mark-sweep 1405.0 (1531.0) -> 1405.0 (1530.5) MB, 1303.1 / 0.0 ms  last resort \n\n\n<--- JS stacktrace --->\n\n==== JS stack trace =========================================\n\nSecurity context: 0x3c67561cef1 <JSObject>\n    1: _extend [util.js:~1000] [pc=0x943884cc264](this=0x43475d89c69 <Object map = 0x23cd3fd327c9>,target=0x2210b7b1a849 <Object map = 0x23cd3fd04829>,source=0x2210b7b1a829 <Object map = 0x23cd3fd43cd9>)\n    3: getOptions(aka getOptions) [fs.js:71] [bytecode=0x3556a92c0859 offset=50](this=0x3c675602241 <undefined>,options=0x3c67567e879 <String[4]: utf8>,defaultOptions=0x2210b7b1a829 <Object map =...\n\n',
429 error execute   stderr: 'FATAL ERROR: CALL_AND_RETRY_LAST Allocation failed - JavaScript heap out of memory\n 1: node::Abort() [/Users/kushanjoshi/.nvm/versions/node/v8.4.0/bin/node]\n 2: node::FatalException(v8::Isolate*, v8::Local<v8::Value>, v8::Local<v8::Message>) [/Users/kushanjoshi/.nvm/versions/node/v8.4.0/bin/node]\n 3: v8::internal::V8::FatalProcessOutOfMemory(char const*, bool) [/Users/kushanjoshi/.nvm/versions/node/v8.4.0/bin/node]\n 4: v8::internal::Factory::NewTransitionArray(int) [/Users/kushanjoshi/.nvm/versions/node/v8.4.0/bin/node]\n 5: v8::internal::TransitionArray::Insert(v8::internal::Handle<v8::internal::Map>, v8::internal::Handle<v8::internal::Name>, v8::internal::Handle<v8::internal::Map>, v8::internal::SimpleTransitionFlag) [/Users/kushanjoshi/.nvm/versions/node/v8.4.0/bin/node]\n 6: v8::internal::Map::CopyReplaceDescriptors(v8::internal::Handle<v8::internal::Map>, v8::internal::Handle<v8::internal::DescriptorArray>, v8::internal::Handle<v8::internal::LayoutDescriptor>, v8::internal::TransitionFlag, v8::internal::MaybeHandle<v8::internal::Name>, char const*, v8::internal::SimpleTransitionFlag) [/Users/kushanjoshi/.nvm/versions/node/v8.4.0/bin/node]\n 7: v8::internal::Map::CopyAddDescriptor(v8::internal::Handle<v8::internal::Map>, v8::internal::Descriptor*, v8::internal::TransitionFlag) [/Users/kushanjoshi/.nvm/versions/node/v8.4.0/bin/node]\n 8: v8::internal::Map::CopyWithField(v8::internal::Handle<v8::internal::Map>, v8::internal::Handle<v8::internal::Name>, v8::internal::Handle<v8::internal::FieldType>, v8::internal::PropertyAttributes, v8::internal::PropertyConstness, v8::internal::Representation, v8::internal::TransitionFlag) [/Users/kushanjoshi/.nvm/versions/node/v8.4.0/bin/node]\n 9: v8::internal::Map::TransitionToDataProperty(v8::internal::Handle<v8::internal::Map>, v8::internal::Handle<v8::internal::Name>, v8::internal::Handle<v8::internal::Object>, v8::internal::PropertyAttributes, v8::internal::PropertyConstness, v8::internal::Object::StoreFromKeyed) [/Users/kushanjoshi/.nvm/versions/node/v8.4.0/bin/node]\n10: v8::internal::LookupIterator::PrepareTransitionToDataProperty(v8::internal::Handle<v8::internal::JSObject>, v8::internal::Handle<v8::internal::Object>, v8::internal::PropertyAttributes, v8::internal::Object::StoreFromKeyed) [/Users/kushanjoshi/.nvm/versions/node/v8.4.0/bin/node]\n11: v8::internal::StoreIC::LookupForWrite(v8::internal::LookupIterator*, v8::internal::Handle<v8::internal::Object>, v8::internal::Object::StoreFromKeyed) [/Users/kushanjoshi/.nvm/versions/node/v8.4.0/bin/node]\n12: v8::internal::StoreIC::UpdateCaches(v8::internal::LookupIterator*, v8::internal::Handle<v8::internal::Object>, v8::internal::Object::StoreFromKeyed) [/Users/kushanjoshi/.nvm/versions/node/v8.4.0/bin/node]\n13: v8::internal::StoreIC::Store(v8::internal::Handle<v8::internal::Object>, v8::internal::Handle<v8::internal::Name>, v8::internal::Handle<v8::internal::Object>, v8::internal::Object::StoreFromKeyed) [/Users/kushanjoshi/.nvm/versions/node/v8.4.0/bin/node]\n14: v8::internal::KeyedStoreIC::Store(v8::internal::Handle<v8::internal::Object>, v8::internal::Handle<v8::internal::Object>, v8::internal::Handle<v8::internal::Object>) [/Users/kushanjoshi/.nvm/versions/node/v8.4.0/bin/node]\n15: v8::internal::Runtime_KeyedStoreIC_Miss(int, v8::internal::Object**, v8::internal::Isolate*) [/Users/kushanjoshi/.nvm/versions/node/v8.4.0/bin/node]\n16: 0x94386e840dd\n17: 0x943884cc264\n18: 0x94386f738aa\n19: 0x94386e92f12\n20: 0x94386f74242\n21: 0x94386e92f12\n',
429 error execute   failed: true,
429 error execute   signal: 'SIGABRT',
429 error execute   cmd: 'npm install',
429 error execute   timedOut: false }
