Arguments: 
  /Users/kushanjoshi/.nvm/versions/node/v8.1.0/bin/node /usr/local/bin/yarn

PATH: 
  /Users/kushanjoshi/.yarn/bin:/Applications/Postgres.app/Contents/Versions/latest/bin:/Users/kushanjoshi/.cargo/bin:/Users/kushanjoshi/.nvm/versions/node/v8.1.0/bin:/usr/local/bin:/usr/bin:/bin:/usr/sbin:/sbin:/Applications/Postgres.app/Contents/Versions/latest/bin:/Users/kushanjoshi/.yarn/bin:/Users/kushanjoshi/.cargo/bin

Yarn version: 
  0.27.5

Node version: 
  8.1.0

Platform: 
  darwin x64

npm manifest: 
  {
    "name": "idly-presets",
    "version": "1.0.0",
    "description": "",
    "main": "index.js",
    "scripts": {
      "test": "echo \"Error: no test specified\" && exit 1",
      "start": "webpack --progress --color --watch --display-error-details",
      "op": "webpack-dev-server --open --port 5000"
    },
    "keywords": [],
    "author": "Kushan Joshi 0o3ko0@gmail.com",
    "license": "ISC",
    "devDependencies": {
      "@types/jest": "^20.0.7",
      "awesome-typescript-loader": "^3.2.2",
      "circular-dependency-plugin": "^3.0.0",
      "css-loader": "^0.28.4",
      "html-webpack-plugin": "^2.30.1",
      "install": "^0.10.1",
      "jest": "^20.0.4",
      "npm": "^5.3.0",
      "remove-flow-types-loader": "^1.0.0",
      "source-map-loader": "^0.2.1",
      "style-loader": "^0.18.2",
      "ts-jest": "^20.0.10",
      "tslint": "^5.6.0",
      "tslint-immutable": "^4.0.2",
      "typescript": "^2.4.2",
      "webpack": "^3.5.4",
      "webpack-dev-server": "^2.7.1",
      "worker-loader": "^0.8.1"
    },
    "dependencies": {
      "@mapbox/sphericalmercator": "^1.0.5",
      "@turf/bbox": "^4.6.0",
      "@turf/bbox-polygon": "^4.6.0",
      "@turf/transform-scale": "^4.6.1",
      "@types/mapbox-gl": "^0.39.4",
      "@types/redux": "^3.6.0",
      "@types/redux-saga": "^0.10.5",
      "diacritics": "^1.3.0",
      "immutable": "^3.8.1",
      "lodash.debounce": "^4.0.8",
      "mapbox-gl": "^0.39.1",
      "name-suggestion-index": "^0.1.1",
      "promise-worker": "^1.1.1",
      "ramda": "^0.24.1",
      "rbush": "^2.0.1",
      "redux": "^3.7.2",
      "redux-saga": "^0.15.6",
      "topojson": "^3.0.0",
      "turf-bbox": "^3.0.12",
      "turf-linestring": "^1.0.2",
      "turf-polygon": "^1.0.3",
      "wmf-sitematrix": "^0.1.4",
      "xmldom": "^0.1.27"
    },
    "jest": {
      "globals": {
        "ts-jest": {
          "skipBabel": true
        }
      },
      "moduleDirectories": [
        "<rootDir>/node_modules",
        "<rootDir>/src"
      ],
      "transform": {
        ".(ts|tsx)": "<rootDir>/node_modules/ts-jest/preprocessor.js"
      },
      "testRegex": "(/__tests__/.*|\\.(test|spec))\\.(ts|tsx|js)$",
      "moduleFileExtensions": [
        "ts",
        "tsx",
        "js"
      ]
    }
  }

yarn manifest: 
  No manifest

Lockfile: 
  No lockfile

Trace: 
  Error: 140737171678144:error:1408F10B:SSL routines:SSL3_GET_RECORD:wrong version number:../deps/openssl/openssl/ssl/s3_pkt.c:365:
