Arguments: 
  /Users/kushanjoshi/.nvm/versions/node/v8.4.0/bin/node /usr/local/Cellar/yarn/1.1.0/libexec/bin/yarn.js

PATH: 
  /Users/kushanjoshi/.yarn/bin:/Applications/Postgres.app/Contents/Versions/latest/bin:/Users/kushanjoshi/.cargo/bin:/Users/kushanjoshi/.nvm/versions/node/v8.4.0/bin:/usr/local/bin:/usr/bin:/bin:/usr/sbin:/sbin:/Applications/Postgres.app/Contents/Versions/latest/bin:/Users/kushanjoshi/.yarn/bin:/Users/kushanjoshi/.cargo/bin

Yarn version: 
  1.1.0

Node version: 
  8.4.0

Platform: 
  darwin x64

npm manifest: 
  {
    "name": "idly-common",
    "version": "1.0.0",
    "main": "lib/index.js",
    "types": "lib",
    "scripts": {
      "clean": "rm -r lib/*"
    },
    "license": "MIT",
    "dependencies": {
      "@mapbox/sphericalmercator": "^1.0.5",
      "@turf/area": "^4.7.3",
      "@turf/bbox": "^4.6.0",
      "@turf/bbox-polygon": "^4.6.0",
      "@turf/helpers": "^4.6.0",
      "@turf/transform-scale": "^4.6.1",
      "@types/geojson": "^1.0.3",
      "geojson": "^0.5.0",
      "immutable": "^3.8.2",
      "typed-immutable-record": "0.0.6"
    },
    "devDependencies": {
      "@types/jest": "^20.0.8",
      "jest": "^20.0.4",
      "ts-jest": "^20.0.14",
      "tslint": "^5.6.0",
      "typescript": "^2.5.2"
    },
    "jest": {
      "globals": {
        "ts-jest": {
          "skipBabel": true
        }
      },
      "moduleDirectories": [
        "<rootDir>/node_modules",
        "<rootDir>/src"
      ],
      "testPathIgnorePatterns": [
        "<rootDir>/node_modules",
        "<rootDir>/lib"
      ],
      "transform": {
        ".(ts|tsx)": "<rootDir>/node_modules/ts-jest/preprocessor.js"
      },
      "testRegex": "(/__tests__/.*|\\.(test|spec))\\.(ts|tsx|js)$",
      "moduleFileExtensions": [
        "ts",
        "tsx",
        "js"
      ]
    }
  }

yarn manifest: 
  No manifest

Lockfile: 
  No lockfile

Trace: 
  Error: write EADDRNOTAVAIL
      at _errnoException (util.js:1041:11)
      at WriteWrap.afterWrite [as oncomplete] (net.js:858:14)
